{"meta": {"format": 3, "version": "7.10.1", "timestamp": "2025-08-03T23:55:32.512030", "branch_coverage": false, "show_contexts": false}, "files": {"src/crawl4ai_mcp.py": {"executed_lines": [1, 11, 12, 13, 14, 15, 16, 17, 20, 25, 28, 32, 33, 34, 39, 43, 44, 45, 51, 53, 54, 55, 73, 74, 77, 78, 79, 84, 85, 86, 87, 88, 89, 90, 91, 92, 93, 94, 95, 96, 97, 98, 99, 100, 101, 102, 103, 109, 110, 111, 112, 119, 120, 121, 124, 125, 126, 127, 132, 143, 144, 145, 146, 149, 151, 155, 156, 157, 161, 166, 167, 168, 171, 173, 179, 181, 182, 183, 184, 186, 189, 191, 193, 196, 197, 199, 202, 204, 205, 206, 210, 212, 215, 218, 222, 225, 228, 229, 230, 231, 232, 233, 234, 235, 237, 238, 330, 331, 333, 334, 336, 338, 340, 344, 350, 363, 364, 366, 368, 371, 374, 377, 378, 381, 383, 388, 398, 400, 410, 412, 422, 423, 425, 432, 434, 436, 437, 438, 440, 442, 445, 446, 447, 450, 451, 452, 456, 463, 470, 471, 472, 475, 477, 479, 489, 490, 492, 498, 509, 512, 513, 514, 752, 753, 754, 836, 1176, 1177, 1178, 1445, 1446, 1447, 1494, 1495, 1496, 1627, 1628, 1629, 1778, 1779, 1780, 1874, 1875, 1876, 2027, 2049, 2114, 2156, 2233, 2291, 2329, 2330, 2331, 2458, 2479, 2502, 2554, 2578], "summary": {"covered_lines": 194, "num_statements": 998, "percent_covered": 19.438877755511022, "percent_covered_display": "19", "missing_lines": 804, "excluded_lines": 0}, "missing_lines": [29, 30, 35, 36, 37, 40, 41, 46, 47, 48, 56, 57, 59, 60, 62, 63, 64, 65, 66, 67, 68, 69, 70, 71, 80, 81, 82, 83, 104, 105, 106, 107, 113, 114, 115, 116, 128, 129, 130, 131, 152, 153, 163, 185, 187, 194, 200, 207, 208, 213, 219, 223, 249, 255, 256, 259, 262, 263, 264, 265, 266, 267, 268, 271, 272, 275, 277, 278, 279, 280, 282, 283, 284, 287, 288, 289, 292, 293, 294, 296, 297, 298, 299, 301, 303, 305, 306, 315, 316, 317, 318, 319, 320, 321, 322, 323, 324, 325, 326, 327, 337, 345, 346, 347, 348, 384, 385, 386, 426, 427, 428, 429, 430, 453, 458, 459, 460, 465, 466, 467, 510, 535, 537, 539, 540, 541, 546, 547, 550, 551, 552, 555, 563, 571, 572, 574, 575, 578, 579, 585, 587, 588, 592, 593, 597, 598, 602, 603, 609, 610, 611, 612, 618, 619, 620, 627, 628, 629, 630, 631, 633, 634, 640, 643, 645, 646, 648, 649, 656, 657, 665, 666, 668, 671, 673, 674, 676, 678, 680, 681, 682, 683, 685, 687, 688, 692, 693, 695, 696, 699, 700, 702, 704, 705, 706, 711, 712, 714, 716, 717, 720, 723, 743, 744, 745, 771, 773, 775, 777, 778, 780, 781, 787, 788, 789, 790, 794, 795, 797, 798, 804, 805, 806, 807, 808, 809, 811, 817, 818, 821, 826, 827, 828, 863, 865, 868, 869, 870, 871, 873, 875, 876, 877, 878, 879, 881, 882, 883, 884, 886, 889, 891, 903, 904, 905, 906, 907, 910, 911, 914, 915, 916, 917, 918, 919, 920, 923, 925, 926, 927, 928, 929, 931, 933, 935, 936, 939, 942, 943, 944, 946, 949, 950, 951, 952, 955, 956, 957, 958, 959, 960, 961, 964, 965, 966, 967, 970, 973, 982, 983, 984, 986, 988, 993, 994, 999, 1002, 1003, 1008, 1009, 1014, 1017, 1018, 1019, 1020, 1022, 1023, 1024, 1027, 1028, 1039, 1040, 1041, 1042, 1043, 1044, 1045, 1046, 1049, 1050, 1051, 1052, 1053, 1055, 1057, 1058, 1060, 1063, 1064, 1066, 1067, 1068, 1069, 1070, 1072, 1079, 1082, 1083, 1092, 1095, 1098, 1100, 1101, 1103, 1104, 1105, 1106, 1107, 1109, 1124, 1125, 1132, 1155, 1156, 1157, 1159, 1166, 1201, 1203, 1204, 1207, 1208, 1210, 1212, 1213, 1214, 1216, 1217, 1218, 1223, 1224, 1227, 1228, 1230, 1231, 1238, 1239, 1240, 1242, 1243, 1244, 1246, 1258, 1259, 1260, 1261, 1262, 1265, 1266, 1269, 1270, 1271, 1272, 1275, 1276, 1279, 1280, 1281, 1283, 1284, 1285, 1286, 1289, 1290, 1291, 1292, 1293, 1294, 1295, 1298, 1300, 1303, 1304, 1305, 1308, 1309, 1310, 1312, 1313, 1314, 1317, 1318, 1321, 1322, 1323, 1324, 1325, 1326, 1327, 1328, 1331, 1332, 1333, 1334, 1336, 1338, 1340, 1344, 1347, 1348, 1350, 1351, 1352, 1353, 1354, 1357, 1364, 1367, 1368, 1379, 1380, 1381, 1383, 1384, 1386, 1387, 1389, 1391, 1392, 1394, 1395, 1397, 1399, 1400, 1401, 1406, 1408, 1410, 1412, 1413, 1415, 1428, 1438, 1439, 1464, 1466, 1469, 1472, 1473, 1474, 1475, 1483, 1488, 1489, 1512, 1514, 1517, 1520, 1521, 1522, 1524, 1528, 1536, 1543, 1544, 1547, 1548, 1549, 1551, 1552, 1554, 1555, 1556, 1557, 1560, 1561, 1562, 1563, 1566, 1567, 1569, 1578, 1581, 1585, 1593, 1594, 1595, 1598, 1599, 1600, 1607, 1608, 1609, 1611, 1620, 1621, 1648, 1649, 1650, 1655, 1657, 1660, 1663, 1664, 1665, 1667, 1671, 1674, 1682, 1689, 1690, 1693, 1694, 1695, 1697, 1698, 1700, 1701, 1702, 1703, 1706, 1707, 1708, 1709, 1712, 1713, 1715, 1725, 1728, 1732, 1734, 1742, 1743, 1744, 1747, 1748, 1749, 1758, 1759, 1760, 1762, 1771, 1772, 1801, 1803, 1804, 1805, 1811, 1813, 1814, 1820, 1821, 1822, 1829, 1830, 1832, 1833, 1836, 1839, 1840, 1843, 1867, 1868, 1940, 1942, 1943, 1944, 1950, 1951, 1952, 1958, 1959, 1960, 1966, 1967, 1968, 1970, 1972, 1973, 1974, 1975, 1976, 1981, 1982, 1983, 1984, 1985, 1986, 1987, 1992, 1993, 1994, 1995, 2000, 2001, 2002, 2003, 2004, 2005, 2010, 2011, 2013, 2019, 2020, 2029, 2030, 2032, 2033, 2034, 2036, 2052, 2053, 2054, 2056, 2057, 2064, 2068, 2069, 2072, 2076, 2077, 2080, 2084, 2085, 2088, 2092, 2093, 2095, 2116, 2118, 2119, 2125, 2127, 2133, 2135, 2136, 2137, 2142, 2159, 2165, 2166, 2168, 2169, 2175, 2176, 2179, 2185, 2187, 2188, 2190, 2191, 2198, 2204, 2206, 2207, 2208, 2213, 2235, 2236, 2244, 2246, 2255, 2257, 2258, 2260, 2261, 2270, 2271, 2277, 2293, 2295, 2297, 2298, 2299, 2300, 2301, 2302, 2303, 2305, 2318, 2319, 2351, 2353, 2354, 2355, 2361, 2363, 2364, 2370, 2371, 2372, 2378, 2381, 2382, 2383, 2386, 2388, 2417, 2418, 2420, 2421, 2431, 2437, 2451, 2452, 2469, 2471, 2472, 2473, 2474, 2476, 2477, 2491, 2492, 2498, 2499, 2500, 2515, 2516, 2522, 2524, 2525, 2527, 2528, 2530, 2531, 2532, 2533, 2535, 2536, 2537, 2539, 2540, 2541, 2543, 2544, 2545, 2546, 2547, 2548, 2550, 2552, 2556, 2557, 2558, 2559, 2562, 2563, 2566, 2567, 2568, 2569, 2571, 2573, 2574, 2575, 2576, 2579, 2580, 2581, 2582, 2583, 2584, 2585], "excluded_lines": [], "functions": {"SuppressStdout.__enter__": {"executed_lines": [], "summary": {"covered_lines": 0, "num_statements": 3, "percent_covered": 0.0, "percent_covered_display": "0", "missing_lines": 3, "excluded_lines": 0}, "missing_lines": [35, 36, 37], "excluded_lines": []}, "SuppressStdout.__exit__": {"executed_lines": [], "summary": {"covered_lines": 0, "num_statements": 2, "percent_covered": 0.0, "percent_covered_display": "0", "missing_lines": 2, "excluded_lines": 0}, "missing_lines": [40, 41], "excluded_lines": []}, "MCPToolError.__init__": {"executed_lines": [], "summary": {"covered_lines": 0, "num_statements": 3, "percent_covered": 0.0, "percent_covered_display": "0", "missing_lines": 3, "excluded_lines": 0}, "missing_lines": [46, 47, 48], "excluded_lines": []}, "track_request": {"executed_lines": [53, 54, 74], "summary": {"covered_lines": 3, "num_statements": 3, "percent_covered": 100.0, "percent_covered_display": "100", "missing_lines": 0, "excluded_lines": 0}, "missing_lines": [], "excluded_lines": []}, "track_request.decorator": {"executed_lines": [55, 73], "summary": {"covered_lines": 2, "num_statements": 2, "percent_covered": 100.0, "percent_covered_display": "100", "missing_lines": 0, "excluded_lines": 0}, "missing_lines": [], "excluded_lines": []}, "track_request.decorator.wrapper": {"executed_lines": [], "summary": {"covered_lines": 0, "num_statements": 14, "percent_covered": 0.0, "percent_covered_display": "0", "missing_lines": 14, "excluded_lines": 0}, "missing_lines": [56, 57, 59, 60, 62, 63, 64, 65, 66, 67, 68, 69, 70, 71], "excluded_lines": []}, "validate_neo4j_connection": {"executed_lines": [173], "summary": {"covered_lines": 1, "num_statements": 1, "percent_covered": 100.0, "percent_covered_display": "100", "missing_lines": 0, "excluded_lines": 0}, "missing_lines": [], "excluded_lines": []}, "format_neo4j_error": {"executed_lines": [181, 182, 183, 184, 186, 189], "summary": {"covered_lines": 6, "num_statements": 8, "percent_covered": 75.0, "percent_covered_display": "75", "missing_lines": 2, "excluded_lines": 0}, "missing_lines": [185, 187], "excluded_lines": []}, "validate_script_path": {"executed_lines": [193, 196, 197, 199, 202, 204, 205, 206], "summary": {"covered_lines": 8, "num_statements": 12, "percent_covered": 66.66666666666667, "percent_covered_display": "67", "missing_lines": 4, "excluded_lines": 0}, "missing_lines": [194, 200, 207, 208], "excluded_lines": []}, "validate_github_url": {"executed_lines": [212, 215, 218, 222, 225], "summary": {"covered_lines": 5, "num_statements": 8, "percent_covered": 62.5, "percent_covered_display": "62", "missing_lines": 3, "excluded_lines": 0}, "missing_lines": [213, 219, 223], "excluded_lines": []}, "crawl4ai_lifespan": {"executed_lines": [], "summary": {"covered_lines": 0, "num_statements": 48, "percent_covered": 0.0, "percent_covered_display": "0", "missing_lines": 48, "excluded_lines": 0}, "missing_lines": [249, 255, 256, 259, 262, 263, 264, 265, 266, 267, 268, 271, 272, 275, 277, 278, 279, 280, 282, 283, 284, 287, 288, 289, 292, 293, 294, 296, 297, 298, 299, 301, 303, 305, 306, 315, 316, 317, 318, 319, 320, 321, 322, 323, 324, 325, 326, 327], "excluded_lines": []}, "rerank_results": {"executed_lines": [363, 364, 366, 368, 371, 374, 377, 378, 381, 383], "summary": {"covered_lines": 10, "num_statements": 13, "percent_covered": 76.92307692307692, "percent_covered_display": "77", "missing_lines": 3, "excluded_lines": 0}, "missing_lines": [384, 385, 386], "excluded_lines": []}, "is_sitemap": {"executed_lines": [398], "summary": {"covered_lines": 1, "num_statements": 1, "percent_covered": 100.0, "percent_covered_display": "100", "missing_lines": 0, "excluded_lines": 0}, "missing_lines": [], "excluded_lines": []}, "is_txt": {"executed_lines": [410], "summary": {"covered_lines": 1, "num_statements": 1, "percent_covered": 100.0, "percent_covered_display": "100", "missing_lines": 0, "excluded_lines": 0}, "missing_lines": [], "excluded_lines": []}, "parse_sitemap": {"executed_lines": [422, 423, 425, 432], "summary": {"covered_lines": 4, "num_statements": 9, "percent_covered": 44.44444444444444, "percent_covered_display": "44", "missing_lines": 5, "excluded_lines": 0}, "missing_lines": [426, 427, 428, 429, 430], "excluded_lines": []}, "smart_chunk_markdown": {"executed_lines": [436, 437, 438, 440, 442, 445, 446, 447, 450, 451, 452, 456, 463, 470, 471, 472, 475, 477], "summary": {"covered_lines": 18, "num_statements": 25, "percent_covered": 72.0, "percent_covered_display": "72", "missing_lines": 7, "excluded_lines": 0}, "missing_lines": [453, 458, 459, 460, 465, 466, 467], "excluded_lines": []}, "extract_section_info": {"executed_lines": [489, 490, 492], "summary": {"covered_lines": 3, "num_statements": 3, "percent_covered": 100.0, "percent_covered_display": "100", "missing_lines": 0, "excluded_lines": 0}, "missing_lines": [], "excluded_lines": []}, "process_code_example": {"executed_lines": [509], "summary": {"covered_lines": 1, "num_statements": 2, "percent_covered": 50.0, "percent_covered_display": "50", "missing_lines": 1, "excluded_lines": 0}, "missing_lines": [510], "excluded_lines": []}, "search": {"executed_lines": [], "summary": {"covered_lines": 0, "num_statements": 84, "percent_covered": 0.0, "percent_covered_display": "0", "missing_lines": 84, "excluded_lines": 0}, "missing_lines": [535, 537, 539, 540, 541, 546, 547, 550, 551, 552, 555, 563, 571, 572, 574, 575, 578, 579, 585, 587, 588, 592, 593, 597, 598, 602, 603, 609, 610, 611, 612, 618, 619, 620, 627, 628, 629, 630, 631, 633, 634, 640, 643, 645, 646, 648, 649, 656, 657, 665, 666, 668, 671, 673, 674, 676, 678, 680, 681, 682, 683, 685, 687, 688, 692, 693, 695, 696, 699, 700, 702, 704, 705, 706, 711, 712, 714, 716, 717, 720, 723, 743, 744, 745], "excluded_lines": []}, "scrape_urls": {"executed_lines": [], "summary": {"covered_lines": 0, "num_statements": 28, "percent_covered": 0.0, "percent_covered_display": "0", "missing_lines": 28, "excluded_lines": 0}, "missing_lines": [771, 773, 775, 777, 778, 780, 781, 787, 788, 789, 790, 794, 795, 797, 798, 804, 805, 806, 807, 808, 809, 811, 817, 818, 821, 826, 827, 828], "excluded_lines": []}, "_process_multiple_urls": {"executed_lines": [], "summary": {"covered_lines": 0, "num_statements": 134, "percent_covered": 0.0, "percent_covered_display": "0", "missing_lines": 134, "excluded_lines": 0}, "missing_lines": [863, 865, 868, 869, 870, 871, 873, 875, 876, 877, 878, 879, 881, 882, 883, 884, 886, 889, 891, 903, 904, 905, 906, 907, 910, 911, 914, 915, 916, 917, 918, 919, 920, 923, 925, 926, 927, 928, 929, 931, 933, 935, 936, 939, 942, 943, 944, 946, 949, 950, 951, 952, 955, 956, 957, 958, 959, 960, 961, 964, 965, 966, 967, 970, 973, 982, 983, 984, 986, 988, 993, 994, 999, 1002, 1003, 1008, 1009, 1014, 1017, 1018, 1019, 1020, 1022, 1023, 1024, 1027, 1028, 1039, 1040, 1041, 1042, 1043, 1044, 1045, 1046, 1049, 1050, 1051, 1052, 1053, 1055, 1057, 1058, 1060, 1063, 1064, 1066, 1067, 1068, 1069, 1070, 1072, 1079, 1082, 1083, 1092, 1095, 1098, 1100, 1101, 1103, 1104, 1105, 1106, 1107, 1109, 1124, 1125, 1132, 1155, 1156, 1157, 1159, 1166], "excluded_lines": []}, "smart_crawl_url": {"executed_lines": [], "summary": {"covered_lines": 0, "num_statements": 117, "percent_covered": 0.0, "percent_covered_display": "0", "missing_lines": 117, "excluded_lines": 0}, "missing_lines": [1201, 1203, 1204, 1207, 1208, 1210, 1212, 1213, 1214, 1216, 1217, 1218, 1223, 1224, 1227, 1228, 1230, 1231, 1238, 1239, 1240, 1242, 1243, 1244, 1246, 1258, 1259, 1260, 1261, 1262, 1265, 1266, 1269, 1270, 1271, 1272, 1275, 1276, 1279, 1280, 1281, 1283, 1284, 1285, 1286, 1289, 1290, 1291, 1292, 1293, 1294, 1295, 1298, 1300, 1303, 1304, 1305, 1308, 1309, 1310, 1312, 1313, 1314, 1317, 1318, 1321, 1322, 1323, 1324, 1325, 1326, 1327, 1328, 1331, 1332, 1333, 1334, 1336, 1338, 1340, 1344, 1347, 1348, 1350, 1351, 1352, 1353, 1354, 1357, 1364, 1367, 1368, 1379, 1380, 1381, 1383, 1384, 1386, 1387, 1389, 1391, 1392, 1394, 1395, 1397, 1399, 1400, 1401, 1406, 1408, 1410, 1412, 1413, 1415, 1428, 1438, 1439], "excluded_lines": []}, "get_available_sources": {"executed_lines": [], "summary": {"covered_lines": 0, "num_statements": 10, "percent_covered": 0.0, "percent_covered_display": "0", "missing_lines": 10, "excluded_lines": 0}, "missing_lines": [1464, 1466, 1469, 1472, 1473, 1474, 1475, 1483, 1488, 1489], "excluded_lines": []}, "perform_rag_query": {"executed_lines": [], "summary": {"covered_lines": 0, "num_statements": 42, "percent_covered": 0.0, "percent_covered_display": "0", "missing_lines": 42, "excluded_lines": 0}, "missing_lines": [1512, 1514, 1517, 1520, 1521, 1522, 1524, 1528, 1536, 1543, 1544, 1547, 1548, 1549, 1551, 1552, 1554, 1555, 1556, 1557, 1560, 1561, 1562, 1563, 1566, 1567, 1569, 1578, 1581, 1585, 1593, 1594, 1595, 1598, 1599, 1600, 1607, 1608, 1609, 1611, 1620, 1621], "excluded_lines": []}, "search_code_examples": {"executed_lines": [], "summary": {"covered_lines": 0, "num_statements": 47, "percent_covered": 0.0, "percent_covered_display": "0", "missing_lines": 47, "excluded_lines": 0}, "missing_lines": [1648, 1649, 1650, 1655, 1657, 1660, 1663, 1664, 1665, 1667, 1671, 1674, 1682, 1689, 1690, 1693, 1694, 1695, 1697, 1698, 1700, 1701, 1702, 1703, 1706, 1707, 1708, 1709, 1712, 1713, 1715, 1725, 1728, 1732, 1734, 1742, 1743, 1744, 1747, 1748, 1749, 1758, 1759, 1760, 1762, 1771, 1772], "excluded_lines": []}, "check_ai_script_hallucinations": {"executed_lines": [], "summary": {"covered_lines": 0, "num_statements": 20, "percent_covered": 0.0, "percent_covered_display": "0", "missing_lines": 20, "excluded_lines": 0}, "missing_lines": [1801, 1803, 1804, 1805, 1811, 1813, 1814, 1820, 1821, 1822, 1829, 1830, 1832, 1833, 1836, 1839, 1840, 1843, 1867, 1868], "excluded_lines": []}, "query_knowledge_graph": {"executed_lines": [], "summary": {"covered_lines": 0, "num_statements": 41, "percent_covered": 0.0, "percent_covered_display": "0", "missing_lines": 41, "excluded_lines": 0}, "missing_lines": [1940, 1942, 1943, 1944, 1950, 1951, 1952, 1958, 1959, 1960, 1966, 1967, 1968, 1970, 1972, 1973, 1974, 1975, 1976, 1981, 1982, 1983, 1984, 1985, 1986, 1987, 1992, 1993, 1994, 1995, 2000, 2001, 2002, 2003, 2004, 2005, 2010, 2011, 2013, 2019, 2020], "excluded_lines": []}, "_handle_repos_command": {"executed_lines": [], "summary": {"covered_lines": 0, "num_statements": 6, "percent_covered": 0.0, "percent_covered_display": "0", "missing_lines": 6, "excluded_lines": 0}, "missing_lines": [2029, 2030, 2032, 2033, 2034, 2036], "excluded_lines": []}, "_handle_explore_command": {"executed_lines": [], "summary": {"covered_lines": 0, "num_statements": 18, "percent_covered": 0.0, "percent_covered_display": "0", "missing_lines": 18, "excluded_lines": 0}, "missing_lines": [2052, 2053, 2054, 2056, 2057, 2064, 2068, 2069, 2072, 2076, 2077, 2080, 2084, 2085, 2088, 2092, 2093, 2095], "excluded_lines": []}, "_handle_classes_command": {"executed_lines": [], "summary": {"covered_lines": 0, "num_statements": 10, "percent_covered": 0.0, "percent_covered_display": "0", "missing_lines": 10, "excluded_lines": 0}, "missing_lines": [2116, 2118, 2119, 2125, 2127, 2133, 2135, 2136, 2137, 2142], "excluded_lines": []}, "_handle_class_command": {"executed_lines": [], "summary": {"covered_lines": 0, "num_statements": 19, "percent_covered": 0.0, "percent_covered_display": "0", "missing_lines": 19, "excluded_lines": 0}, "missing_lines": [2159, 2165, 2166, 2168, 2169, 2175, 2176, 2179, 2185, 2187, 2188, 2190, 2191, 2198, 2204, 2206, 2207, 2208, 2213], "excluded_lines": []}, "_handle_method_command": {"executed_lines": [], "summary": {"covered_lines": 0, "num_statements": 12, "percent_covered": 0.0, "percent_covered_display": "0", "missing_lines": 12, "excluded_lines": 0}, "missing_lines": [2235, 2236, 2244, 2246, 2255, 2257, 2258, 2260, 2261, 2270, 2271, 2277], "excluded_lines": []}, "_handle_query_command": {"executed_lines": [], "summary": {"covered_lines": 0, "num_statements": 12, "percent_covered": 0.0, "percent_covered_display": "0", "missing_lines": 12, "excluded_lines": 0}, "missing_lines": [2293, 2295, 2297, 2298, 2299, 2300, 2301, 2302, 2303, 2305, 2318, 2319], "excluded_lines": []}, "parse_github_repository": {"executed_lines": [], "summary": {"covered_lines": 0, "num_statements": 24, "percent_covered": 0.0, "percent_covered_display": "0", "missing_lines": 24, "excluded_lines": 0}, "missing_lines": [2351, 2353, 2354, 2355, 2361, 2363, 2364, 2370, 2371, 2372, 2378, 2381, 2382, 2383, 2386, 2388, 2417, 2418, 2420, 2421, 2431, 2437, 2451, 2452], "excluded_lines": []}, "crawl_markdown_file": {"executed_lines": [], "summary": {"covered_lines": 0, "num_statements": 7, "percent_covered": 0.0, "percent_covered_display": "0", "missing_lines": 7, "excluded_lines": 0}, "missing_lines": [2469, 2471, 2472, 2473, 2474, 2476, 2477], "excluded_lines": []}, "crawl_batch": {"executed_lines": [], "summary": {"covered_lines": 0, "num_statements": 5, "percent_covered": 0.0, "percent_covered_display": "0", "missing_lines": 5, "excluded_lines": 0}, "missing_lines": [2491, 2492, 2498, 2499, 2500], "excluded_lines": []}, "crawl_recursive_internal_links": {"executed_lines": [], "summary": {"covered_lines": 0, "num_statements": 24, "percent_covered": 0.0, "percent_covered_display": "0", "missing_lines": 24, "excluded_lines": 0}, "missing_lines": [2515, 2516, 2522, 2524, 2527, 2528, 2530, 2531, 2532, 2533, 2535, 2536, 2537, 2539, 2540, 2541, 2543, 2544, 2545, 2546, 2547, 2548, 2550, 2552], "excluded_lines": []}, "crawl_recursive_internal_links.normalize_url": {"executed_lines": [], "summary": {"covered_lines": 0, "num_statements": 1, "percent_covered": 0.0, "percent_covered_display": "0", "missing_lines": 1, "excluded_lines": 0}, "missing_lines": [2525], "excluded_lines": []}, "main": {"executed_lines": [], "summary": {"covered_lines": 0, "num_statements": 15, "percent_covered": 0.0, "percent_covered_display": "0", "missing_lines": 15, "excluded_lines": 0}, "missing_lines": [2556, 2557, 2558, 2559, 2562, 2563, 2566, 2567, 2568, 2569, 2571, 2573, 2574, 2575, 2576], "excluded_lines": []}, "": {"executed_lines": [1, 11, 12, 13, 14, 15, 16, 17, 20, 25, 28, 32, 33, 34, 39, 43, 44, 45, 51, 77, 78, 79, 84, 85, 86, 87, 88, 89, 90, 91, 92, 93, 94, 95, 96, 97, 98, 99, 100, 101, 102, 103, 109, 110, 111, 112, 119, 120, 121, 124, 125, 126, 127, 132, 143, 144, 145, 146, 149, 151, 155, 156, 157, 161, 166, 167, 168, 171, 179, 191, 210, 228, 229, 230, 231, 232, 233, 234, 235, 237, 238, 330, 331, 333, 334, 336, 338, 340, 344, 350, 388, 400, 412, 434, 479, 498, 512, 513, 514, 752, 753, 754, 836, 1176, 1177, 1178, 1445, 1446, 1447, 1494, 1495, 1496, 1627, 1628, 1629, 1778, 1779, 1780, 1874, 1875, 1876, 2027, 2049, 2114, 2156, 2233, 2291, 2329, 2330, 2331, 2458, 2479, 2502, 2554, 2578], "summary": {"covered_lines": 131, "num_statements": 164, "percent_covered": 79.8780487804878, "percent_covered_display": "80", "missing_lines": 33, "excluded_lines": 0}, "missing_lines": [29, 30, 80, 81, 82, 83, 104, 105, 106, 107, 113, 114, 115, 116, 128, 129, 130, 131, 152, 153, 163, 337, 345, 346, 347, 348, 2579, 2580, 2581, 2582, 2583, 2584, 2585], "excluded_lines": []}}, "classes": {"SuppressStdout": {"executed_lines": [], "summary": {"covered_lines": 0, "num_statements": 5, "percent_covered": 0.0, "percent_covered_display": "0", "missing_lines": 5, "excluded_lines": 0}, "missing_lines": [35, 36, 37, 40, 41], "excluded_lines": []}, "MCPToolError": {"executed_lines": [], "summary": {"covered_lines": 0, "num_statements": 3, "percent_covered": 0.0, "percent_covered_display": "0", "missing_lines": 3, "excluded_lines": 0}, "missing_lines": [46, 47, 48], "excluded_lines": []}, "Crawl4AIContext": {"executed_lines": [], "summary": {"covered_lines": 0, "num_statements": 0, "percent_covered": 100.0, "percent_covered_display": "100", "missing_lines": 0, "excluded_lines": 0}, "missing_lines": [], "excluded_lines": []}, "": {"executed_lines": [1, 11, 12, 13, 14, 15, 16, 17, 20, 25, 28, 32, 33, 34, 39, 43, 44, 45, 51, 53, 54, 55, 73, 74, 77, 78, 79, 84, 85, 86, 87, 88, 89, 90, 91, 92, 93, 94, 95, 96, 97, 98, 99, 100, 101, 102, 103, 109, 110, 111, 112, 119, 120, 121, 124, 125, 126, 127, 132, 143, 144, 145, 146, 149, 151, 155, 156, 157, 161, 166, 167, 168, 171, 173, 179, 181, 182, 183, 184, 186, 189, 191, 193, 196, 197, 199, 202, 204, 205, 206, 210, 212, 215, 218, 222, 225, 228, 229, 230, 231, 232, 233, 234, 235, 237, 238, 330, 331, 333, 334, 336, 338, 340, 344, 350, 363, 364, 366, 368, 371, 374, 377, 378, 381, 383, 388, 398, 400, 410, 412, 422, 423, 425, 432, 434, 436, 437, 438, 440, 442, 445, 446, 447, 450, 451, 452, 456, 463, 470, 471, 472, 475, 477, 479, 489, 490, 492, 498, 509, 512, 513, 514, 752, 753, 754, 836, 1176, 1177, 1178, 1445, 1446, 1447, 1494, 1495, 1496, 1627, 1628, 1629, 1778, 1779, 1780, 1874, 1875, 1876, 2027, 2049, 2114, 2156, 2233, 2291, 2329, 2330, 2331, 2458, 2479, 2502, 2554, 2578], "summary": {"covered_lines": 194, "num_statements": 990, "percent_covered": 19.595959595959595, "percent_covered_display": "20", "missing_lines": 796, "excluded_lines": 0}, "missing_lines": [29, 30, 56, 57, 59, 60, 62, 63, 64, 65, 66, 67, 68, 69, 70, 71, 80, 81, 82, 83, 104, 105, 106, 107, 113, 114, 115, 116, 128, 129, 130, 131, 152, 153, 163, 185, 187, 194, 200, 207, 208, 213, 219, 223, 249, 255, 256, 259, 262, 263, 264, 265, 266, 267, 268, 271, 272, 275, 277, 278, 279, 280, 282, 283, 284, 287, 288, 289, 292, 293, 294, 296, 297, 298, 299, 301, 303, 305, 306, 315, 316, 317, 318, 319, 320, 321, 322, 323, 324, 325, 326, 327, 337, 345, 346, 347, 348, 384, 385, 386, 426, 427, 428, 429, 430, 453, 458, 459, 460, 465, 466, 467, 510, 535, 537, 539, 540, 541, 546, 547, 550, 551, 552, 555, 563, 571, 572, 574, 575, 578, 579, 585, 587, 588, 592, 593, 597, 598, 602, 603, 609, 610, 611, 612, 618, 619, 620, 627, 628, 629, 630, 631, 633, 634, 640, 643, 645, 646, 648, 649, 656, 657, 665, 666, 668, 671, 673, 674, 676, 678, 680, 681, 682, 683, 685, 687, 688, 692, 693, 695, 696, 699, 700, 702, 704, 705, 706, 711, 712, 714, 716, 717, 720, 723, 743, 744, 745, 771, 773, 775, 777, 778, 780, 781, 787, 788, 789, 790, 794, 795, 797, 798, 804, 805, 806, 807, 808, 809, 811, 817, 818, 821, 826, 827, 828, 863, 865, 868, 869, 870, 871, 873, 875, 876, 877, 878, 879, 881, 882, 883, 884, 886, 889, 891, 903, 904, 905, 906, 907, 910, 911, 914, 915, 916, 917, 918, 919, 920, 923, 925, 926, 927, 928, 929, 931, 933, 935, 936, 939, 942, 943, 944, 946, 949, 950, 951, 952, 955, 956, 957, 958, 959, 960, 961, 964, 965, 966, 967, 970, 973, 982, 983, 984, 986, 988, 993, 994, 999, 1002, 1003, 1008, 1009, 1014, 1017, 1018, 1019, 1020, 1022, 1023, 1024, 1027, 1028, 1039, 1040, 1041, 1042, 1043, 1044, 1045, 1046, 1049, 1050, 1051, 1052, 1053, 1055, 1057, 1058, 1060, 1063, 1064, 1066, 1067, 1068, 1069, 1070, 1072, 1079, 1082, 1083, 1092, 1095, 1098, 1100, 1101, 1103, 1104, 1105, 1106, 1107, 1109, 1124, 1125, 1132, 1155, 1156, 1157, 1159, 1166, 1201, 1203, 1204, 1207, 1208, 1210, 1212, 1213, 1214, 1216, 1217, 1218, 1223, 1224, 1227, 1228, 1230, 1231, 1238, 1239, 1240, 1242, 1243, 1244, 1246, 1258, 1259, 1260, 1261, 1262, 1265, 1266, 1269, 1270, 1271, 1272, 1275, 1276, 1279, 1280, 1281, 1283, 1284, 1285, 1286, 1289, 1290, 1291, 1292, 1293, 1294, 1295, 1298, 1300, 1303, 1304, 1305, 1308, 1309, 1310, 1312, 1313, 1314, 1317, 1318, 1321, 1322, 1323, 1324, 1325, 1326, 1327, 1328, 1331, 1332, 1333, 1334, 1336, 1338, 1340, 1344, 1347, 1348, 1350, 1351, 1352, 1353, 1354, 1357, 1364, 1367, 1368, 1379, 1380, 1381, 1383, 1384, 1386, 1387, 1389, 1391, 1392, 1394, 1395, 1397, 1399, 1400, 1401, 1406, 1408, 1410, 1412, 1413, 1415, 1428, 1438, 1439, 1464, 1466, 1469, 1472, 1473, 1474, 1475, 1483, 1488, 1489, 1512, 1514, 1517, 1520, 1521, 1522, 1524, 1528, 1536, 1543, 1544, 1547, 1548, 1549, 1551, 1552, 1554, 1555, 1556, 1557, 1560, 1561, 1562, 1563, 1566, 1567, 1569, 1578, 1581, 1585, 1593, 1594, 1595, 1598, 1599, 1600, 1607, 1608, 1609, 1611, 1620, 1621, 1648, 1649, 1650, 1655, 1657, 1660, 1663, 1664, 1665, 1667, 1671, 1674, 1682, 1689, 1690, 1693, 1694, 1695, 1697, 1698, 1700, 1701, 1702, 1703, 1706, 1707, 1708, 1709, 1712, 1713, 1715, 1725, 1728, 1732, 1734, 1742, 1743, 1744, 1747, 1748, 1749, 1758, 1759, 1760, 1762, 1771, 1772, 1801, 1803, 1804, 1805, 1811, 1813, 1814, 1820, 1821, 1822, 1829, 1830, 1832, 1833, 1836, 1839, 1840, 1843, 1867, 1868, 1940, 1942, 1943, 1944, 1950, 1951, 1952, 1958, 1959, 1960, 1966, 1967, 1968, 1970, 1972, 1973, 1974, 1975, 1976, 1981, 1982, 1983, 1984, 1985, 1986, 1987, 1992, 1993, 1994, 1995, 2000, 2001, 2002, 2003, 2004, 2005, 2010, 2011, 2013, 2019, 2020, 2029, 2030, 2032, 2033, 2034, 2036, 2052, 2053, 2054, 2056, 2057, 2064, 2068, 2069, 2072, 2076, 2077, 2080, 2084, 2085, 2088, 2092, 2093, 2095, 2116, 2118, 2119, 2125, 2127, 2133, 2135, 2136, 2137, 2142, 2159, 2165, 2166, 2168, 2169, 2175, 2176, 2179, 2185, 2187, 2188, 2190, 2191, 2198, 2204, 2206, 2207, 2208, 2213, 2235, 2236, 2244, 2246, 2255, 2257, 2258, 2260, 2261, 2270, 2271, 2277, 2293, 2295, 2297, 2298, 2299, 2300, 2301, 2302, 2303, 2305, 2318, 2319, 2351, 2353, 2354, 2355, 2361, 2363, 2364, 2370, 2371, 2372, 2378, 2381, 2382, 2383, 2386, 2388, 2417, 2418, 2420, 2421, 2431, 2437, 2451, 2452, 2469, 2471, 2472, 2473, 2474, 2476, 2477, 2491, 2492, 2498, 2499, 2500, 2515, 2516, 2522, 2524, 2525, 2527, 2528, 2530, 2531, 2532, 2533, 2535, 2536, 2537, 2539, 2540, 2541, 2543, 2544, 2545, 2546, 2547, 2548, 2550, 2552, 2556, 2557, 2558, 2559, 2562, 2563, 2566, 2567, 2568, 2569, 2571, 2573, 2574, 2575, 2576, 2579, 2580, 2581, 2582, 2583, 2584, 2585], "excluded_lines": []}}}, "src/database/__init__.py": {"executed_lines": [1, 5, 6, 8], "summary": {"covered_lines": 3, "num_statements": 3, "percent_covered": 100.0, "percent_covered_display": "100", "missing_lines": 0, "excluded_lines": 0}, "missing_lines": [], "excluded_lines": [], "functions": {"": {"executed_lines": [1, 5, 6, 8], "summary": {"covered_lines": 3, "num_statements": 3, "percent_covered": 100.0, "percent_covered_display": "100", "missing_lines": 0, "excluded_lines": 0}, "missing_lines": [], "excluded_lines": []}}, "classes": {"": {"executed_lines": [1, 5, 6, 8], "summary": {"covered_lines": 3, "num_statements": 3, "percent_covered": 100.0, "percent_covered_display": "100", "missing_lines": 0, "excluded_lines": 0}, "missing_lines": [], "excluded_lines": []}}}, "src/database/base.py": {"executed_lines": [1, 5, 8, 9, 10, 15, 22, 44, 72, 81, 105, 134, 143, 159, 177, 196, 215], "summary": {"covered_lines": 15, "num_statements": 15, "percent_covered": 100.0, "percent_covered_display": "100", "missing_lines": 0, "excluded_lines": 24}, "missing_lines": [], "excluded_lines": [20, 21, 42, 43, 70, 71, 79, 80, 103, 104, 132, 133, 141, 142, 157, 158, 175, 176, 194, 195, 213, 214, 227, 228], "functions": {"VectorDatabase.initialize": {"executed_lines": [], "summary": {"covered_lines": 0, "num_statements": 0, "percent_covered": 100.0, "percent_covered_display": "100", "missing_lines": 0, "excluded_lines": 1}, "missing_lines": [], "excluded_lines": [20]}, "VectorDatabase.add_documents": {"executed_lines": [], "summary": {"covered_lines": 0, "num_statements": 0, "percent_covered": 100.0, "percent_covered_display": "100", "missing_lines": 0, "excluded_lines": 1}, "missing_lines": [], "excluded_lines": [42]}, "VectorDatabase.search_documents": {"executed_lines": [], "summary": {"covered_lines": 0, "num_statements": 0, "percent_covered": 100.0, "percent_covered_display": "100", "missing_lines": 0, "excluded_lines": 1}, "missing_lines": [], "excluded_lines": [70]}, "VectorDatabase.delete_documents_by_url": {"executed_lines": [], "summary": {"covered_lines": 0, "num_statements": 0, "percent_covered": 100.0, "percent_covered_display": "100", "missing_lines": 0, "excluded_lines": 1}, "missing_lines": [], "excluded_lines": [79]}, "VectorDatabase.add_code_examples": {"executed_lines": [], "summary": {"covered_lines": 0, "num_statements": 0, "percent_covered": 100.0, "percent_covered_display": "100", "missing_lines": 0, "excluded_lines": 1}, "missing_lines": [], "excluded_lines": [103]}, "VectorDatabase.search_code_examples": {"executed_lines": [], "summary": {"covered_lines": 0, "num_statements": 0, "percent_covered": 100.0, "percent_covered_display": "100", "missing_lines": 0, "excluded_lines": 1}, "missing_lines": [], "excluded_lines": [132]}, "VectorDatabase.delete_code_examples_by_url": {"executed_lines": [], "summary": {"covered_lines": 0, "num_statements": 0, "percent_covered": 100.0, "percent_covered_display": "100", "missing_lines": 0, "excluded_lines": 1}, "missing_lines": [], "excluded_lines": [141]}, "VectorDatabase.update_source_info": {"executed_lines": [], "summary": {"covered_lines": 0, "num_statements": 0, "percent_covered": 100.0, "percent_covered_display": "100", "missing_lines": 0, "excluded_lines": 1}, "missing_lines": [], "excluded_lines": [157]}, "VectorDatabase.get_documents_by_url": {"executed_lines": [], "summary": {"covered_lines": 0, "num_statements": 0, "percent_covered": 100.0, "percent_covered_display": "100", "missing_lines": 0, "excluded_lines": 1}, "missing_lines": [], "excluded_lines": [175]}, "VectorDatabase.search_documents_by_keyword": {"executed_lines": [], "summary": {"covered_lines": 0, "num_statements": 0, "percent_covered": 100.0, "percent_covered_display": "100", "missing_lines": 0, "excluded_lines": 1}, "missing_lines": [], "excluded_lines": [194]}, "VectorDatabase.search_code_examples_by_keyword": {"executed_lines": [], "summary": {"covered_lines": 0, "num_statements": 0, "percent_covered": 100.0, "percent_covered_display": "100", "missing_lines": 0, "excluded_lines": 1}, "missing_lines": [], "excluded_lines": [213]}, "VectorDatabase.get_sources": {"executed_lines": [], "summary": {"covered_lines": 0, "num_statements": 0, "percent_covered": 100.0, "percent_covered_display": "100", "missing_lines": 0, "excluded_lines": 1}, "missing_lines": [], "excluded_lines": [227]}, "": {"executed_lines": [1, 5, 8, 9, 10, 15, 22, 44, 72, 81, 105, 134, 143, 159, 177, 196, 215], "summary": {"covered_lines": 15, "num_statements": 15, "percent_covered": 100.0, "percent_covered_display": "100", "missing_lines": 0, "excluded_lines": 11}, "missing_lines": [], "excluded_lines": [21, 43, 71, 80, 104, 133, 142, 158, 176, 195, 214]}}, "classes": {"VectorDatabase": {"executed_lines": [], "summary": {"covered_lines": 0, "num_statements": 0, "percent_covered": 100.0, "percent_covered_display": "100", "missing_lines": 0, "excluded_lines": 12}, "missing_lines": [], "excluded_lines": [20, 42, 70, 79, 103, 132, 141, 157, 175, 194, 213, 227]}, "": {"executed_lines": [1, 5, 8, 9, 10, 15, 22, 44, 72, 81, 105, 134, 143, 159, 177, 196, 215], "summary": {"covered_lines": 15, "num_statements": 15, "percent_covered": 100.0, "percent_covered_display": "100", "missing_lines": 0, "excluded_lines": 11}, "missing_lines": [], "excluded_lines": [21, 43, 71, 80, 104, 133, 142, 158, 176, 195, 214]}}}, "src/database/factory.py": {"executed_lines": [1, 4, 5, 6, 7, 8, 11, 21, 24, 25, 27, 28, 29, 30, 31, 32, 34, 40, 48, 49, 50], "summary": {"covered_lines": 20, "num_statements": 20, "percent_covered": 100.0, "percent_covered_display": "100", "missing_lines": 0, "excluded_lines": 0}, "missing_lines": [], "excluded_lines": [], "functions": {"create_database_client": {"executed_lines": [21, 24, 25, 27, 28, 29, 30, 31, 32, 34], "summary": {"covered_lines": 10, "num_statements": 10, "percent_covered": 100.0, "percent_covered_display": "100", "missing_lines": 0, "excluded_lines": 0}, "missing_lines": [], "excluded_lines": []}, "create_and_initialize_database": {"executed_lines": [48, 49, 50], "summary": {"covered_lines": 3, "num_statements": 3, "percent_covered": 100.0, "percent_covered_display": "100", "missing_lines": 0, "excluded_lines": 0}, "missing_lines": [], "excluded_lines": []}, "": {"executed_lines": [1, 4, 5, 6, 7, 8, 11, 40], "summary": {"covered_lines": 7, "num_statements": 7, "percent_covered": 100.0, "percent_covered_display": "100", "missing_lines": 0, "excluded_lines": 0}, "missing_lines": [], "excluded_lines": []}}, "classes": {"": {"executed_lines": [1, 4, 5, 6, 7, 8, 11, 21, 24, 25, 27, 28, 29, 30, 31, 32, 34, 40, 48, 49, 50], "summary": {"covered_lines": 20, "num_statements": 20, "percent_covered": 100.0, "percent_covered_display": "100", "missing_lines": 0, "excluded_lines": 0}, "missing_lines": [], "excluded_lines": []}}}, "src/database/qdrant_adapter.py": {"executed_lines": [1, 6, 7, 8, 9, 10, 11, 12, 13, 14, 15, 21, 22, 30, 32, 33, 34, 35, 38, 39, 40, 42, 50, 76, 81, 149, 204, 254, 291, 329, 387, 442, 480, 530, 563, 590, 629, 691, 750], "summary": {"covered_lines": 37, "num_statements": 284, "percent_covered": 13.028169014084508, "percent_covered_display": "13", "missing_lines": 247, "excluded_lines": 0}, "missing_lines": [44, 45, 48, 52, 58, 60, 61, 62, 63, 65, 66, 72, 74, 78, 79, 91, 92, 95, 96, 97, 98, 99, 100, 103, 104, 105, 106, 107, 108, 109, 110, 113, 114, 117, 120, 126, 127, 129, 134, 137, 138, 139, 145, 146, 147, 158, 160, 161, 162, 169, 170, 178, 179, 180, 183, 184, 195, 196, 197, 198, 199, 200, 202, 211, 214, 221, 222, 229, 232, 234, 235, 241, 243, 246, 247, 248, 249, 250, 252, 256, 266, 268, 269, 275, 277, 280, 281, 282, 283, 284, 287, 289, 293, 295, 297, 306, 307, 313, 315, 317, 319, 322, 340, 341, 344, 345, 346, 347, 348, 349, 350, 351, 352, 355, 356, 359, 361, 368, 369, 371, 376, 379, 380, 396, 398, 399, 400, 407, 408, 416, 417, 418, 421, 422, 433, 434, 435, 436, 437, 438, 440, 444, 446, 448, 457, 458, 464, 466, 468, 470, 473, 487, 490, 497, 498, 505, 508, 510, 511, 517, 519, 522, 523, 524, 525, 526, 528, 541, 543, 555, 556, 569, 570, 581, 582, 583, 584, 585, 586, 588, 597, 600, 602, 603, 610, 611, 614, 615, 616, 619, 625, 626, 627, 641, 643, 645, 646, 647, 649, 651, 652, 659, 661, 664, 665, 674, 677, 678, 680, 683, 685, 687, 688, 689, 705, 707, 708, 710, 712, 715, 716, 723, 725, 726, 727, 733, 741, 742, 744, 746, 747, 748, 752, 753, 759, 760, 761, 765, 769, 770, 771, 774, 776, 792, 798, 799, 800], "excluded_lines": [], "functions": {"QdrantAdapter.__init__": {"executed_lines": [32, 33, 34, 35, 38, 39, 40], "summary": {"covered_lines": 7, "num_statements": 7, "percent_covered": 100.0, "percent_covered_display": "100", "missing_lines": 0, "excluded_lines": 0}, "missing_lines": [], "excluded_lines": []}, "QdrantAdapter.initialize": {"executed_lines": [], "summary": {"covered_lines": 0, "num_statements": 3, "percent_covered": 0.0, "percent_covered_display": "0", "missing_lines": 3, "excluded_lines": 0}, "missing_lines": [44, 45, 48], "excluded_lines": []}, "QdrantAdapter._ensure_collections": {"executed_lines": [], "summary": {"covered_lines": 0, "num_statements": 10, "percent_covered": 0.0, "percent_covered_display": "0", "missing_lines": 10, "excluded_lines": 0}, "missing_lines": [52, 58, 60, 61, 62, 63, 65, 66, 72, 74], "excluded_lines": []}, "QdrantAdapter._generate_point_id": {"executed_lines": [], "summary": {"covered_lines": 0, "num_statements": 2, "percent_covered": 0.0, "percent_covered_display": "0", "missing_lines": 2, "excluded_lines": 0}, "missing_lines": [78, 79], "excluded_lines": []}, "QdrantAdapter.add_documents": {"executed_lines": [], "summary": {"covered_lines": 0, "num_statements": 30, "percent_covered": 0.0, "percent_covered_display": "0", "missing_lines": 30, "excluded_lines": 0}, "missing_lines": [91, 92, 95, 96, 97, 98, 99, 100, 103, 104, 105, 106, 107, 108, 109, 110, 113, 114, 117, 120, 126, 127, 129, 134, 137, 138, 139, 145, 146, 147], "excluded_lines": []}, "QdrantAdapter.search_documents": {"executed_lines": [], "summary": {"covered_lines": 0, "num_statements": 18, "percent_covered": 0.0, "percent_covered_display": "0", "missing_lines": 18, "excluded_lines": 0}, "missing_lines": [158, 160, 161, 162, 169, 170, 178, 179, 180, 183, 184, 195, 196, 197, 198, 199, 200, 202], "excluded_lines": []}, "QdrantAdapter.search_documents_by_keyword": {"executed_lines": [], "summary": {"covered_lines": 0, "num_statements": 15, "percent_covered": 0.0, "percent_covered_display": "0", "missing_lines": 15, "excluded_lines": 0}, "missing_lines": [211, 214, 221, 222, 229, 232, 234, 241, 243, 246, 247, 248, 249, 250, 252], "excluded_lines": []}, "QdrantAdapter.search_documents_by_keyword.scroll_keyword_search": {"executed_lines": [], "summary": {"covered_lines": 0, "num_statements": 1, "percent_covered": 0.0, "percent_covered_display": "0", "missing_lines": 1, "excluded_lines": 0}, "missing_lines": [235], "excluded_lines": []}, "QdrantAdapter.get_documents_by_url": {"executed_lines": [], "summary": {"covered_lines": 0, "num_statements": 12, "percent_covered": 0.0, "percent_covered_display": "0", "missing_lines": 12, "excluded_lines": 0}, "missing_lines": [256, 266, 268, 275, 277, 280, 281, 282, 283, 284, 287, 289], "excluded_lines": []}, "QdrantAdapter.get_documents_by_url.scroll_for_url": {"executed_lines": [], "summary": {"covered_lines": 0, "num_statements": 1, "percent_covered": 0.0, "percent_covered_display": "0", "missing_lines": 1, "excluded_lines": 0}, "missing_lines": [269], "excluded_lines": []}, "QdrantAdapter.delete_documents_by_url": {"executed_lines": [], "summary": {"covered_lines": 0, "num_statements": 9, "percent_covered": 0.0, "percent_covered_display": "0", "missing_lines": 9, "excluded_lines": 0}, "missing_lines": [293, 295, 297, 306, 313, 315, 317, 319, 322], "excluded_lines": []}, "QdrantAdapter.delete_documents_by_url.scroll_with_filter": {"executed_lines": [], "summary": {"covered_lines": 0, "num_statements": 1, "percent_covered": 0.0, "percent_covered_display": "0", "missing_lines": 1, "excluded_lines": 0}, "missing_lines": [307], "excluded_lines": []}, "QdrantAdapter.add_code_examples": {"executed_lines": [], "summary": {"covered_lines": 0, "num_statements": 21, "percent_covered": 0.0, "percent_covered_display": "0", "missing_lines": 21, "excluded_lines": 0}, "missing_lines": [340, 341, 344, 345, 346, 347, 348, 349, 350, 351, 352, 355, 356, 359, 361, 368, 369, 371, 376, 379, 380], "excluded_lines": []}, "QdrantAdapter.search_code_examples": {"executed_lines": [], "summary": {"covered_lines": 0, "num_statements": 18, "percent_covered": 0.0, "percent_covered_display": "0", "missing_lines": 18, "excluded_lines": 0}, "missing_lines": [396, 398, 399, 400, 407, 408, 416, 417, 418, 421, 422, 433, 434, 435, 436, 437, 438, 440], "excluded_lines": []}, "QdrantAdapter.delete_code_examples_by_url": {"executed_lines": [], "summary": {"covered_lines": 0, "num_statements": 9, "percent_covered": 0.0, "percent_covered_display": "0", "missing_lines": 9, "excluded_lines": 0}, "missing_lines": [444, 446, 448, 457, 464, 466, 468, 470, 473], "excluded_lines": []}, "QdrantAdapter.delete_code_examples_by_url.scroll_code_for_deletion": {"executed_lines": [], "summary": {"covered_lines": 0, "num_statements": 1, "percent_covered": 0.0, "percent_covered_display": "0", "missing_lines": 1, "excluded_lines": 0}, "missing_lines": [458], "excluded_lines": []}, "QdrantAdapter.search_code_examples_by_keyword": {"executed_lines": [], "summary": {"covered_lines": 0, "num_statements": 15, "percent_covered": 0.0, "percent_covered_display": "0", "missing_lines": 15, "excluded_lines": 0}, "missing_lines": [487, 490, 497, 498, 505, 508, 510, 517, 519, 522, 523, 524, 525, 526, 528], "excluded_lines": []}, "QdrantAdapter.search_code_examples_by_keyword.scroll_code_keyword_search": {"executed_lines": [], "summary": {"covered_lines": 0, "num_statements": 1, "percent_covered": 0.0, "percent_covered_display": "0", "missing_lines": 1, "excluded_lines": 0}, "missing_lines": [511], "excluded_lines": []}, "QdrantAdapter.add_source": {"executed_lines": [], "summary": {"covered_lines": 0, "num_statements": 4, "percent_covered": 0.0, "percent_covered_display": "0", "missing_lines": 4, "excluded_lines": 0}, "missing_lines": [541, 543, 555, 556], "excluded_lines": []}, "QdrantAdapter.search_sources": {"executed_lines": [], "summary": {"covered_lines": 0, "num_statements": 9, "percent_covered": 0.0, "percent_covered_display": "0", "missing_lines": 9, "excluded_lines": 0}, "missing_lines": [569, 570, 581, 582, 583, 584, 585, 586, 588], "excluded_lines": []}, "QdrantAdapter.update_source": {"executed_lines": [], "summary": {"covered_lines": 0, "num_statements": 13, "percent_covered": 0.0, "percent_covered_display": "0", "missing_lines": 13, "excluded_lines": 0}, "missing_lines": [597, 600, 602, 603, 610, 611, 614, 615, 616, 619, 625, 626, 627], "excluded_lines": []}, "QdrantAdapter.get_sources": {"executed_lines": [], "summary": {"covered_lines": 0, "num_statements": 20, "percent_covered": 0.0, "percent_covered_display": "0", "missing_lines": 20, "excluded_lines": 0}, "missing_lines": [641, 643, 645, 646, 647, 649, 651, 659, 661, 664, 665, 674, 677, 678, 680, 683, 685, 687, 688, 689], "excluded_lines": []}, "QdrantAdapter.get_sources.scroll_sources": {"executed_lines": [], "summary": {"covered_lines": 0, "num_statements": 1, "percent_covered": 0.0, "percent_covered_display": "0", "missing_lines": 1, "excluded_lines": 0}, "missing_lines": [652], "excluded_lines": []}, "QdrantAdapter.update_source_info": {"executed_lines": [], "summary": {"covered_lines": 0, "num_statements": 18, "percent_covered": 0.0, "percent_covered_display": "0", "missing_lines": 18, "excluded_lines": 0}, "missing_lines": [705, 707, 708, 710, 712, 715, 716, 723, 725, 726, 727, 733, 741, 742, 744, 746, 747, 748], "excluded_lines": []}, "QdrantAdapter._create_new_source": {"executed_lines": [], "summary": {"covered_lines": 0, "num_statements": 15, "percent_covered": 0.0, "percent_covered_display": "0", "missing_lines": 15, "excluded_lines": 0}, "missing_lines": [752, 753, 759, 760, 761, 765, 769, 770, 771, 774, 776, 792, 798, 799, 800], "excluded_lines": []}, "": {"executed_lines": [1, 6, 7, 8, 9, 10, 11, 12, 13, 14, 15, 21, 22, 30, 42, 50, 76, 81, 149, 204, 254, 291, 329, 387, 442, 480, 530, 563, 590, 629, 691, 750], "summary": {"covered_lines": 30, "num_statements": 30, "percent_covered": 100.0, "percent_covered_display": "100", "missing_lines": 0, "excluded_lines": 0}, "missing_lines": [], "excluded_lines": []}}, "classes": {"QdrantAdapter": {"executed_lines": [32, 33, 34, 35, 38, 39, 40], "summary": {"covered_lines": 7, "num_statements": 254, "percent_covered": 2.7559055118110236, "percent_covered_display": "3", "missing_lines": 247, "excluded_lines": 0}, "missing_lines": [44, 45, 48, 52, 58, 60, 61, 62, 63, 65, 66, 72, 74, 78, 79, 91, 92, 95, 96, 97, 98, 99, 100, 103, 104, 105, 106, 107, 108, 109, 110, 113, 114, 117, 120, 126, 127, 129, 134, 137, 138, 139, 145, 146, 147, 158, 160, 161, 162, 169, 170, 178, 179, 180, 183, 184, 195, 196, 197, 198, 199, 200, 202, 211, 214, 221, 222, 229, 232, 234, 235, 241, 243, 246, 247, 248, 249, 250, 252, 256, 266, 268, 269, 275, 277, 280, 281, 282, 283, 284, 287, 289, 293, 295, 297, 306, 307, 313, 315, 317, 319, 322, 340, 341, 344, 345, 346, 347, 348, 349, 350, 351, 352, 355, 356, 359, 361, 368, 369, 371, 376, 379, 380, 396, 398, 399, 400, 407, 408, 416, 417, 418, 421, 422, 433, 434, 435, 436, 437, 438, 440, 444, 446, 448, 457, 458, 464, 466, 468, 470, 473, 487, 490, 497, 498, 505, 508, 510, 511, 517, 519, 522, 523, 524, 525, 526, 528, 541, 543, 555, 556, 569, 570, 581, 582, 583, 584, 585, 586, 588, 597, 600, 602, 603, 610, 611, 614, 615, 616, 619, 625, 626, 627, 641, 643, 645, 646, 647, 649, 651, 652, 659, 661, 664, 665, 674, 677, 678, 680, 683, 685, 687, 688, 689, 705, 707, 708, 710, 712, 715, 716, 723, 725, 726, 727, 733, 741, 742, 744, 746, 747, 748, 752, 753, 759, 760, 761, 765, 769, 770, 771, 774, 776, 792, 798, 799, 800], "excluded_lines": []}, "": {"executed_lines": [1, 6, 7, 8, 9, 10, 11, 12, 13, 14, 15, 21, 22, 30, 42, 50, 76, 81, 149, 204, 254, 291, 329, 387, 442, 480, 530, 563, 590, 629, 691, 750], "summary": {"covered_lines": 30, "num_statements": 30, "percent_covered": 100.0, "percent_covered_display": "100", "missing_lines": 0, "excluded_lines": 0}, "missing_lines": [], "excluded_lines": []}}}, "src/database/qdrant_adapter_fixed.py": {"executed_lines": [], "summary": {"covered_lines": 0, "num_statements": 180, "percent_covered": 0.0, "percent_covered_display": "0", "missing_lines": 180, "excluded_lines": 0}, "missing_lines": [6, 7, 8, 9, 10, 11, 12, 13, 14, 20, 29, 31, 32, 33, 34, 37, 38, 39, 41, 43, 44, 47, 49, 51, 57, 59, 60, 61, 62, 64, 71, 73, 74, 76, 86, 87, 90, 91, 92, 93, 94, 95, 98, 99, 100, 101, 102, 103, 104, 105, 108, 109, 112, 115, 121, 122, 124, 129, 132, 133, 134, 140, 141, 142, 144, 153, 155, 156, 157, 164, 165, 173, 174, 175, 178, 179, 189, 190, 191, 192, 193, 194, 196, 198, 205, 208, 215, 216, 217, 224, 227, 228, 236, 239, 240, 241, 242, 243, 245, 247, 249, 259, 260, 268, 271, 272, 273, 274, 275, 278, 280, 282, 285, 294, 295, 303, 305, 307, 310, 317, 328, 329, 330, 331, 332, 333, 334, 335, 338, 339, 342, 344, 355, 358, 359, 366, 374, 375, 376, 377, 378, 384, 387, 388, 398, 399, 400, 401, 402, 403, 405, 407, 418, 420, 432, 433, 440, 446, 447, 457, 458, 459, 460, 461, 462, 464, 466, 473, 476, 478, 479, 486, 487, 490, 491, 492, 495, 501, 502, 503], "excluded_lines": [], "functions": {"QdrantAdapter.__init__": {"executed_lines": [], "summary": {"covered_lines": 0, "num_statements": 7, "percent_covered": 0.0, "percent_covered_display": "0", "missing_lines": 7, "excluded_lines": 0}, "missing_lines": [31, 32, 33, 34, 37, 38, 39], "excluded_lines": []}, "QdrantAdapter.initialize": {"executed_lines": [], "summary": {"covered_lines": 0, "num_statements": 3, "percent_covered": 0.0, "percent_covered_display": "0", "missing_lines": 3, "excluded_lines": 0}, "missing_lines": [43, 44, 47], "excluded_lines": []}, "QdrantAdapter._ensure_collections": {"executed_lines": [], "summary": {"covered_lines": 0, "num_statements": 7, "percent_covered": 0.0, "percent_covered_display": "0", "missing_lines": 7, "excluded_lines": 0}, "missing_lines": [51, 57, 59, 60, 61, 62, 64], "excluded_lines": []}, "QdrantAdapter._generate_point_id": {"executed_lines": [], "summary": {"covered_lines": 0, "num_statements": 2, "percent_covered": 0.0, "percent_covered_display": "0", "missing_lines": 2, "excluded_lines": 0}, "missing_lines": [73, 74], "excluded_lines": []}, "QdrantAdapter.add_documents": {"executed_lines": [], "summary": {"covered_lines": 0, "num_statements": 30, "percent_covered": 0.0, "percent_covered_display": "0", "missing_lines": 30, "excluded_lines": 0}, "missing_lines": [86, 87, 90, 91, 92, 93, 94, 95, 98, 99, 100, 101, 102, 103, 104, 105, 108, 109, 112, 115, 121, 122, 124, 129, 132, 133, 134, 140, 141, 142], "excluded_lines": []}, "QdrantAdapter.search_documents": {"executed_lines": [], "summary": {"covered_lines": 0, "num_statements": 18, "percent_covered": 0.0, "percent_covered_display": "0", "missing_lines": 18, "excluded_lines": 0}, "missing_lines": [153, 155, 156, 157, 164, 165, 173, 174, 175, 178, 179, 189, 190, 191, 192, 193, 194, 196], "excluded_lines": []}, "QdrantAdapter.search_documents_by_keyword": {"executed_lines": [], "summary": {"covered_lines": 0, "num_statements": 15, "percent_covered": 0.0, "percent_covered_display": "0", "missing_lines": 15, "excluded_lines": 0}, "missing_lines": [205, 208, 215, 216, 217, 224, 227, 228, 236, 239, 240, 241, 242, 243, 245], "excluded_lines": []}, "QdrantAdapter.get_documents_by_url": {"executed_lines": [], "summary": {"covered_lines": 0, "num_statements": 11, "percent_covered": 0.0, "percent_covered_display": "0", "missing_lines": 11, "excluded_lines": 0}, "missing_lines": [249, 259, 260, 268, 271, 272, 273, 274, 275, 278, 280], "excluded_lines": []}, "QdrantAdapter.delete_documents_by_url": {"executed_lines": [], "summary": {"covered_lines": 0, "num_statements": 7, "percent_covered": 0.0, "percent_covered_display": "0", "missing_lines": 7, "excluded_lines": 0}, "missing_lines": [285, 294, 295, 303, 305, 307, 310], "excluded_lines": []}, "QdrantAdapter.add_code_examples": {"executed_lines": [], "summary": {"covered_lines": 0, "num_statements": 15, "percent_covered": 0.0, "percent_covered_display": "0", "missing_lines": 15, "excluded_lines": 0}, "missing_lines": [328, 329, 330, 331, 332, 333, 334, 335, 338, 339, 342, 344, 355, 358, 359], "excluded_lines": []}, "QdrantAdapter.search_code_examples": {"executed_lines": [], "summary": {"covered_lines": 0, "num_statements": 15, "percent_covered": 0.0, "percent_covered_display": "0", "missing_lines": 15, "excluded_lines": 0}, "missing_lines": [374, 375, 376, 377, 378, 384, 387, 388, 398, 399, 400, 401, 402, 403, 405], "excluded_lines": []}, "QdrantAdapter.add_source": {"executed_lines": [], "summary": {"covered_lines": 0, "num_statements": 4, "percent_covered": 0.0, "percent_covered_display": "0", "missing_lines": 4, "excluded_lines": 0}, "missing_lines": [418, 420, 432, 433], "excluded_lines": []}, "QdrantAdapter.search_sources": {"executed_lines": [], "summary": {"covered_lines": 0, "num_statements": 9, "percent_covered": 0.0, "percent_covered_display": "0", "missing_lines": 9, "excluded_lines": 0}, "missing_lines": [446, 447, 457, 458, 459, 460, 461, 462, 464], "excluded_lines": []}, "QdrantAdapter.update_source": {"executed_lines": [], "summary": {"covered_lines": 0, "num_statements": 13, "percent_covered": 0.0, "percent_covered_display": "0", "missing_lines": 13, "excluded_lines": 0}, "missing_lines": [473, 476, 478, 479, 486, 487, 490, 491, 492, 495, 501, 502, 503], "excluded_lines": []}, "": {"executed_lines": [], "summary": {"covered_lines": 0, "num_statements": 24, "percent_covered": 0.0, "percent_covered_display": "0", "missing_lines": 24, "excluded_lines": 0}, "missing_lines": [6, 7, 8, 9, 10, 11, 12, 13, 14, 20, 29, 41, 49, 71, 76, 144, 198, 247, 282, 317, 366, 407, 440, 466], "excluded_lines": []}}, "classes": {"QdrantAdapter": {"executed_lines": [], "summary": {"covered_lines": 0, "num_statements": 156, "percent_covered": 0.0, "percent_covered_display": "0", "missing_lines": 156, "excluded_lines": 0}, "missing_lines": [31, 32, 33, 34, 37, 38, 39, 43, 44, 47, 51, 57, 59, 60, 61, 62, 64, 73, 74, 86, 87, 90, 91, 92, 93, 94, 95, 98, 99, 100, 101, 102, 103, 104, 105, 108, 109, 112, 115, 121, 122, 124, 129, 132, 133, 134, 140, 141, 142, 153, 155, 156, 157, 164, 165, 173, 174, 175, 178, 179, 189, 190, 191, 192, 193, 194, 196, 205, 208, 215, 216, 217, 224, 227, 228, 236, 239, 240, 241, 242, 243, 245, 249, 259, 260, 268, 271, 272, 273, 274, 275, 278, 280, 285, 294, 295, 303, 305, 307, 310, 328, 329, 330, 331, 332, 333, 334, 335, 338, 339, 342, 344, 355, 358, 359, 374, 375, 376, 377, 378, 384, 387, 388, 398, 399, 400, 401, 402, 403, 405, 418, 420, 432, 433, 446, 447, 457, 458, 459, 460, 461, 462, 464, 473, 476, 478, 479, 486, 487, 490, 491, 492, 495, 501, 502, 503], "excluded_lines": []}, "": {"executed_lines": [], "summary": {"covered_lines": 0, "num_statements": 24, "percent_covered": 0.0, "percent_covered_display": "0", "missing_lines": 24, "excluded_lines": 0}, "missing_lines": [6, 7, 8, 9, 10, 11, 12, 13, 14, 20, 29, 41, 49, 71, 76, 144, 198, 247, 282, 317, 366, 407, 440, 466], "excluded_lines": []}}}, "src/database/supabase_adapter.py": {"executed_lines": [1, 5, 6, 7, 8, 9, 12, 13, 18, 20, 21, 22, 23, 25, 36, 85, 117, 124, 173, 205, 216, 248, 260, 284, 308, 322, 337], "summary": {"covered_lines": 25, "num_statements": 180, "percent_covered": 13.88888888888889, "percent_covered_display": "14", "missing_lines": 155, "excluded_lines": 0}, "missing_lines": [27, 28, 29, 31, 32, 34, 46, 47, 50, 53, 56, 57, 60, 61, 63, 64, 66, 67, 69, 80, 83, 93, 94, 96, 98, 104, 105, 106, 107, 110, 112, 113, 114, 115, 119, 120, 122, 135, 136, 138, 139, 142, 143, 144, 145, 146, 147, 150, 151, 154, 155, 157, 158, 160, 171, 181, 182, 184, 186, 192, 193, 194, 195, 198, 200, 201, 202, 203, 207, 208, 210, 211, 212, 213, 214, 223, 224, 226, 228, 235, 236, 241, 243, 245, 246, 250, 251, 253, 254, 255, 256, 257, 258, 267, 268, 270, 271, 275, 276, 278, 279, 280, 281, 282, 291, 292, 294, 295, 299, 300, 302, 303, 304, 305, 306, 310, 311, 313, 314, 315, 316, 317, 318, 324, 325, 327, 328, 329, 331, 332, 333, 334, 335, 339, 341, 342, 343, 345, 346, 347, 348, 349, 350, 351, 354, 356, 357, 358, 359, 360, 361, 362, 363, 365, 366], "excluded_lines": [], "functions": {"SupabaseAdapter.__init__": {"executed_lines": [20, 21, 22, 23], "summary": {"covered_lines": 4, "num_statements": 4, "percent_covered": 100.0, "percent_covered_display": "100", "missing_lines": 0, "excluded_lines": 0}, "missing_lines": [], "excluded_lines": []}, "SupabaseAdapter.initialize": {"executed_lines": [], "summary": {"covered_lines": 0, "num_statements": 6, "percent_covered": 0.0, "percent_covered_display": "0", "missing_lines": 6, "excluded_lines": 0}, "missing_lines": [27, 28, 29, 31, 32, 34], "excluded_lines": []}, "SupabaseAdapter.add_documents": {"executed_lines": [], "summary": {"covered_lines": 0, "num_statements": 15, "percent_covered": 0.0, "percent_covered_display": "0", "missing_lines": 15, "excluded_lines": 0}, "missing_lines": [46, 47, 50, 53, 56, 57, 60, 61, 63, 64, 66, 67, 69, 80, 83], "excluded_lines": []}, "SupabaseAdapter.search_documents": {"executed_lines": [], "summary": {"covered_lines": 0, "num_statements": 13, "percent_covered": 0.0, "percent_covered_display": "0", "missing_lines": 13, "excluded_lines": 0}, "missing_lines": [93, 94, 96, 98, 104, 105, 106, 107, 110, 112, 113, 114, 115], "excluded_lines": []}, "SupabaseAdapter.delete_documents_by_url": {"executed_lines": [], "summary": {"covered_lines": 0, "num_statements": 3, "percent_covered": 0.0, "percent_covered_display": "0", "missing_lines": 3, "excluded_lines": 0}, "missing_lines": [119, 120, 122], "excluded_lines": []}, "SupabaseAdapter.add_code_examples": {"executed_lines": [], "summary": {"covered_lines": 0, "num_statements": 18, "percent_covered": 0.0, "percent_covered_display": "0", "missing_lines": 18, "excluded_lines": 0}, "missing_lines": [135, 136, 138, 139, 142, 143, 144, 145, 146, 147, 150, 151, 154, 155, 157, 158, 160, 171], "excluded_lines": []}, "SupabaseAdapter.search_code_examples": {"executed_lines": [], "summary": {"covered_lines": 0, "num_statements": 13, "percent_covered": 0.0, "percent_covered_display": "0", "missing_lines": 13, "excluded_lines": 0}, "missing_lines": [181, 182, 184, 186, 192, 193, 194, 195, 198, 200, 201, 202, 203], "excluded_lines": []}, "SupabaseAdapter.delete_code_examples_by_url": {"executed_lines": [], "summary": {"covered_lines": 0, "num_statements": 7, "percent_covered": 0.0, "percent_covered_display": "0", "missing_lines": 7, "excluded_lines": 0}, "missing_lines": [207, 208, 210, 211, 212, 213, 214], "excluded_lines": []}, "SupabaseAdapter.update_source_info": {"executed_lines": [], "summary": {"covered_lines": 0, "num_statements": 10, "percent_covered": 0.0, "percent_covered_display": "0", "missing_lines": 10, "excluded_lines": 0}, "missing_lines": [223, 224, 226, 228, 235, 236, 241, 243, 245, 246], "excluded_lines": []}, "SupabaseAdapter.get_documents_by_url": {"executed_lines": [], "summary": {"covered_lines": 0, "num_statements": 8, "percent_covered": 0.0, "percent_covered_display": "0", "missing_lines": 8, "excluded_lines": 0}, "missing_lines": [250, 251, 253, 254, 255, 256, 257, 258], "excluded_lines": []}, "SupabaseAdapter.search_documents_by_keyword": {"executed_lines": [], "summary": {"covered_lines": 0, "num_statements": 11, "percent_covered": 0.0, "percent_covered_display": "0", "missing_lines": 11, "excluded_lines": 0}, "missing_lines": [267, 268, 270, 271, 275, 276, 278, 279, 280, 281, 282], "excluded_lines": []}, "SupabaseAdapter.search_code_examples_by_keyword": {"executed_lines": [], "summary": {"covered_lines": 0, "num_statements": 11, "percent_covered": 0.0, "percent_covered_display": "0", "missing_lines": 11, "excluded_lines": 0}, "missing_lines": [291, 292, 294, 295, 299, 300, 302, 303, 304, 305, 306], "excluded_lines": []}, "SupabaseAdapter.get_sources": {"executed_lines": [], "summary": {"covered_lines": 0, "num_statements": 8, "percent_covered": 0.0, "percent_covered_display": "0", "missing_lines": 8, "excluded_lines": 0}, "missing_lines": [310, 311, 313, 314, 315, 316, 317, 318], "excluded_lines": []}, "SupabaseAdapter._delete_documents_batch": {"executed_lines": [], "summary": {"covered_lines": 0, "num_statements": 10, "percent_covered": 0.0, "percent_covered_display": "0", "missing_lines": 10, "excluded_lines": 0}, "missing_lines": [324, 325, 327, 328, 329, 331, 332, 333, 334, 335], "excluded_lines": []}, "SupabaseAdapter._insert_with_retry": {"executed_lines": [], "summary": {"covered_lines": 0, "num_statements": 22, "percent_covered": 0.0, "percent_covered_display": "0", "missing_lines": 22, "excluded_lines": 0}, "missing_lines": [339, 341, 342, 343, 345, 346, 347, 348, 349, 350, 351, 354, 356, 357, 358, 359, 360, 361, 362, 363, 365, 366], "excluded_lines": []}, "": {"executed_lines": [1, 5, 6, 7, 8, 9, 12, 13, 18, 25, 36, 85, 117, 124, 173, 205, 216, 248, 260, 284, 308, 322, 337], "summary": {"covered_lines": 21, "num_statements": 21, "percent_covered": 100.0, "percent_covered_display": "100", "missing_lines": 0, "excluded_lines": 0}, "missing_lines": [], "excluded_lines": []}}, "classes": {"SupabaseAdapter": {"executed_lines": [20, 21, 22, 23], "summary": {"covered_lines": 4, "num_statements": 159, "percent_covered": 2.5157232704402515, "percent_covered_display": "3", "missing_lines": 155, "excluded_lines": 0}, "missing_lines": [27, 28, 29, 31, 32, 34, 46, 47, 50, 53, 56, 57, 60, 61, 63, 64, 66, 67, 69, 80, 83, 93, 94, 96, 98, 104, 105, 106, 107, 110, 112, 113, 114, 115, 119, 120, 122, 135, 136, 138, 139, 142, 143, 144, 145, 146, 147, 150, 151, 154, 155, 157, 158, 160, 171, 181, 182, 184, 186, 192, 193, 194, 195, 198, 200, 201, 202, 203, 207, 208, 210, 211, 212, 213, 214, 223, 224, 226, 228, 235, 236, 241, 243, 245, 246, 250, 251, 253, 254, 255, 256, 257, 258, 267, 268, 270, 271, 275, 276, 278, 279, 280, 281, 282, 291, 292, 294, 295, 299, 300, 302, 303, 304, 305, 306, 310, 311, 313, 314, 315, 316, 317, 318, 324, 325, 327, 328, 329, 331, 332, 333, 334, 335, 339, 341, 342, 343, 345, 346, 347, 348, 349, 350, 351, 354, 356, 357, 358, 359, 360, 361, 362, 363, 365, 366], "excluded_lines": []}, "": {"executed_lines": [1, 5, 6, 7, 8, 9, 12, 13, 18, 25, 36, 85, 117, 124, 173, 205, 216, 248, 260, 284, 308, 322, 337], "summary": {"covered_lines": 21, "num_statements": 21, "percent_covered": 100.0, "percent_covered_display": "100", "missing_lines": 0, "excluded_lines": 0}, "missing_lines": [], "excluded_lines": []}}}, "src/utils.py": {"executed_lines": [], "summary": {"covered_lines": 0, "num_statements": 294, "percent_covered": 0.0, "percent_covered_display": "0", "missing_lines": 294, "excluded_lines": 0}, "missing_lines": [4, 5, 6, 7, 8, 9, 10, 11, 12, 13, 16, 18, 25, 26, 28, 29, 31, 33, 43, 44, 46, 47, 49, 50, 51, 55, 56, 57, 58, 59, 60, 61, 63, 65, 66, 67, 69, 70, 71, 75, 76, 77, 78, 80, 82, 83, 85, 95, 96, 97, 98, 99, 101, 103, 116, 118, 120, 130, 141, 144, 146, 148, 149, 150, 152, 165, 166, 168, 191, 194, 195, 197, 198, 199, 201, 202, 203, 204, 205, 209, 210, 213, 214, 217, 218, 219, 220, 223, 225, 226, 227, 228, 229, 232, 233, 235, 239, 240, 241, 242, 243, 244, 245, 246, 247, 249, 252, 253, 255, 258, 261, 263, 264, 266, 269, 270, 273, 285, 288, 289, 291, 292, 293, 295, 296, 297, 298, 299, 300, 301, 304, 306, 307, 308, 309, 310, 311, 312, 313, 315, 316, 318, 337, 340, 342, 348, 349, 351, 353, 354, 355, 356, 359, 370, 373, 374, 375, 377, 378, 381, 382, 383, 384, 385, 386, 387, 388, 391, 392, 393, 394, 397, 400, 401, 403, 404, 405, 406, 408, 409, 411, 412, 415, 416, 417, 420, 421, 424, 425, 427, 436, 438, 441, 453, 456, 471, 472, 482, 484, 485, 486, 489, 510, 511, 514, 515, 516, 517, 518, 519, 522, 523, 524, 525, 528, 529, 530, 533, 536, 537, 538, 539, 541, 543, 544, 547, 548, 549, 552, 553, 555, 566, 567, 569, 570, 571, 573, 574, 575, 576, 577, 578, 579, 582, 584, 585, 586, 587, 588, 589, 590, 591, 593, 594, 595, 598, 608, 610, 617, 618, 623, 625, 627, 628, 631, 646, 648, 649, 652, 655, 658, 665, 667, 678, 681, 682, 684, 686, 687, 688, 691, 713, 716, 719, 721, 727, 728, 731, 732, 734, 736, 737, 738, 739], "excluded_lines": [], "functions": {"get_supabase_client": {"executed_lines": [], "summary": {"covered_lines": 0, "num_statements": 5, "percent_covered": 0.0, "percent_covered_display": "0", "missing_lines": 5, "excluded_lines": 0}, "missing_lines": [25, 26, 28, 29, 31], "excluded_lines": []}, "create_embeddings_batch": {"executed_lines": [], "summary": {"covered_lines": 0, "num_statements": 28, "percent_covered": 0.0, "percent_covered_display": "0", "missing_lines": 28, "excluded_lines": 0}, "missing_lines": [43, 44, 46, 47, 49, 50, 51, 55, 56, 57, 58, 59, 60, 61, 63, 65, 66, 67, 69, 70, 71, 75, 76, 77, 78, 80, 82, 83], "excluded_lines": []}, "create_embedding": {"executed_lines": [], "summary": {"covered_lines": 0, "num_statements": 6, "percent_covered": 0.0, "percent_covered_display": "0", "missing_lines": 6, "excluded_lines": 0}, "missing_lines": [95, 96, 97, 98, 99, 101], "excluded_lines": []}, "generate_contextual_embedding": {"executed_lines": [], "summary": {"covered_lines": 0, "num_statements": 10, "percent_covered": 0.0, "percent_covered_display": "0", "missing_lines": 10, "excluded_lines": 0}, "missing_lines": [116, 118, 120, 130, 141, 144, 146, 148, 149, 150], "excluded_lines": []}, "process_chunk_with_context": {"executed_lines": [], "summary": {"covered_lines": 0, "num_statements": 2, "percent_covered": 0.0, "percent_covered_display": "0", "missing_lines": 2, "excluded_lines": 0}, "missing_lines": [165, 166], "excluded_lines": []}, "add_documents_to_supabase": {"executed_lines": [], "summary": {"covered_lines": 0, "num_statements": 73, "percent_covered": 0.0, "percent_covered_display": "0", "missing_lines": 73, "excluded_lines": 0}, "missing_lines": [191, 194, 195, 197, 198, 199, 201, 202, 203, 204, 205, 209, 210, 213, 214, 217, 218, 219, 220, 223, 225, 226, 227, 228, 229, 232, 233, 235, 239, 240, 241, 242, 243, 244, 245, 246, 247, 249, 252, 253, 255, 258, 261, 263, 264, 266, 269, 270, 273, 285, 288, 289, 291, 292, 293, 295, 296, 297, 298, 299, 300, 301, 304, 306, 307, 308, 309, 310, 311, 312, 313, 315, 316], "excluded_lines": []}, "search_documents": {"executed_lines": [], "summary": {"covered_lines": 0, "num_statements": 10, "percent_covered": 0.0, "percent_covered_display": "0", "missing_lines": 10, "excluded_lines": 0}, "missing_lines": [337, 340, 342, 348, 349, 351, 353, 354, 355, 356], "excluded_lines": []}, "extract_code_blocks": {"executed_lines": [], "summary": {"covered_lines": 0, "num_statements": 39, "percent_covered": 0.0, "percent_covered_display": "0", "missing_lines": 39, "excluded_lines": 0}, "missing_lines": [370, 373, 374, 375, 377, 378, 381, 382, 383, 384, 385, 386, 387, 388, 391, 392, 393, 394, 397, 400, 401, 403, 404, 405, 406, 408, 409, 411, 412, 415, 416, 417, 420, 421, 424, 425, 427, 436, 438], "excluded_lines": []}, "generate_code_example_summary": {"executed_lines": [], "summary": {"covered_lines": 0, "num_statements": 8, "percent_covered": 0.0, "percent_covered_display": "0", "missing_lines": 8, "excluded_lines": 0}, "missing_lines": [453, 456, 471, 472, 482, 484, 485, 486], "excluded_lines": []}, "add_code_examples_to_supabase": {"executed_lines": [], "summary": {"covered_lines": 0, "num_statements": 53, "percent_covered": 0.0, "percent_covered_display": "0", "missing_lines": 53, "excluded_lines": 0}, "missing_lines": [510, 511, 514, 515, 516, 517, 518, 519, 522, 523, 524, 525, 528, 529, 530, 533, 536, 537, 538, 539, 541, 543, 544, 547, 548, 549, 552, 553, 555, 566, 567, 569, 570, 571, 573, 574, 575, 576, 577, 578, 579, 582, 584, 585, 586, 587, 588, 589, 590, 591, 593, 594, 595], "excluded_lines": []}, "update_source_info": {"executed_lines": [], "summary": {"covered_lines": 0, "num_statements": 8, "percent_covered": 0.0, "percent_covered_display": "0", "missing_lines": 8, "excluded_lines": 0}, "missing_lines": [608, 610, 617, 618, 623, 625, 627, 628], "excluded_lines": []}, "extract_source_summary": {"executed_lines": [], "summary": {"covered_lines": 0, "num_statements": 15, "percent_covered": 0.0, "percent_covered_display": "0", "missing_lines": 15, "excluded_lines": 0}, "missing_lines": [646, 648, 649, 652, 655, 658, 665, 667, 678, 681, 682, 684, 686, 687, 688], "excluded_lines": []}, "search_code_examples": {"executed_lines": [], "summary": {"covered_lines": 0, "num_statements": 13, "percent_covered": 0.0, "percent_covered_display": "0", "missing_lines": 13, "excluded_lines": 0}, "missing_lines": [713, 716, 719, 721, 727, 728, 731, 732, 734, 736, 737, 738, 739], "excluded_lines": []}, "": {"executed_lines": [], "summary": {"covered_lines": 0, "num_statements": 24, "percent_covered": 0.0, "percent_covered_display": "0", "missing_lines": 24, "excluded_lines": 0}, "missing_lines": [4, 5, 6, 7, 8, 9, 10, 11, 12, 13, 16, 18, 33, 85, 103, 152, 168, 318, 359, 441, 489, 598, 631, 691], "excluded_lines": []}}, "classes": {"": {"executed_lines": [], "summary": {"covered_lines": 0, "num_statements": 294, "percent_covered": 0.0, "percent_covered_display": "0", "missing_lines": 294, "excluded_lines": 0}, "missing_lines": [4, 5, 6, 7, 8, 9, 10, 11, 12, 13, 16, 18, 25, 26, 28, 29, 31, 33, 43, 44, 46, 47, 49, 50, 51, 55, 56, 57, 58, 59, 60, 61, 63, 65, 66, 67, 69, 70, 71, 75, 76, 77, 78, 80, 82, 83, 85, 95, 96, 97, 98, 99, 101, 103, 116, 118, 120, 130, 141, 144, 146, 148, 149, 150, 152, 165, 166, 168, 191, 194, 195, 197, 198, 199, 201, 202, 203, 204, 205, 209, 210, 213, 214, 217, 218, 219, 220, 223, 225, 226, 227, 228, 229, 232, 233, 235, 239, 240, 241, 242, 243, 244, 245, 246, 247, 249, 252, 253, 255, 258, 261, 263, 264, 266, 269, 270, 273, 285, 288, 289, 291, 292, 293, 295, 296, 297, 298, 299, 300, 301, 304, 306, 307, 308, 309, 310, 311, 312, 313, 315, 316, 318, 337, 340, 342, 348, 349, 351, 353, 354, 355, 356, 359, 370, 373, 374, 375, 377, 378, 381, 382, 383, 384, 385, 386, 387, 388, 391, 392, 393, 394, 397, 400, 401, 403, 404, 405, 406, 408, 409, 411, 412, 415, 416, 417, 420, 421, 424, 425, 427, 436, 438, 441, 453, 456, 471, 472, 482, 484, 485, 486, 489, 510, 511, 514, 515, 516, 517, 518, 519, 522, 523, 524, 525, 528, 529, 530, 533, 536, 537, 538, 539, 541, 543, 544, 547, 548, 549, 552, 553, 555, 566, 567, 569, 570, 571, 573, 574, 575, 576, 577, 578, 579, 582, 584, 585, 586, 587, 588, 589, 590, 591, 593, 594, 595, 598, 608, 610, 617, 618, 623, 625, 627, 628, 631, 646, 648, 649, 652, 655, 658, 665, 667, 678, 681, 682, 684, 686, 687, 688, 691, 713, 716, 719, 721, 727, 728, 731, 732, 734, 736, 737, 738, 739], "excluded_lines": []}}}, "src/utils_refactored.py": {"executed_lines": [1, 5, 6, 7, 8, 9, 10, 11, 12, 13, 14, 17, 20, 30, 31, 33, 34, 36, 37, 38, 42, 43, 44, 45, 46, 47, 48, 50, 52, 53, 54, 56, 57, 58, 62, 63, 64, 65, 67, 69, 70, 73, 83, 84, 85, 86, 87, 89, 92, 105, 107, 109, 119, 130, 133, 135, 137, 138, 139, 142, 155, 156, 159, 182, 183, 186, 187, 190, 191, 192, 193, 194, 197, 198, 202, 203, 204, 205, 206, 207, 208, 209, 210, 211, 214, 215, 216, 218, 221, 222, 223, 224, 225, 226, 229, 230, 231, 232, 233, 236, 246, 267, 270, 278, 289, 293, 294, 295, 296, 297, 298, 299, 300, 303, 304, 305, 306, 309, 312, 313, 315, 316, 317, 318, 320, 321, 323, 324, 327, 328, 329, 332, 333, 336, 337, 339, 348, 350, 353, 365, 368, 383, 384, 394, 396, 397, 398, 401, 422, 423, 426, 427, 428, 429, 432, 433, 434, 436, 437, 440, 441, 442, 443, 444, 447, 458, 473, 475, 476, 479, 482, 485, 492, 494, 505, 508, 509, 511, 513, 514, 515, 518, 539, 542, 545], "summary": {"covered_lines": 184, "num_statements": 184, "percent_covered": 100.0, "percent_covered_display": "100", "missing_lines": 0, "excluded_lines": 0}, "missing_lines": [], "excluded_lines": [], "functions": {"create_embeddings_batch": {"executed_lines": [30, 31, 33, 34, 36, 37, 38, 42, 43, 44, 45, 46, 47, 48, 50, 52, 53, 54, 56, 57, 58, 62, 63, 64, 65, 67, 69, 70], "summary": {"covered_lines": 28, "num_statements": 28, "percent_covered": 100.0, "percent_covered_display": "100", "missing_lines": 0, "excluded_lines": 0}, "missing_lines": [], "excluded_lines": []}, "create_embedding": {"executed_lines": [83, 84, 85, 86, 87, 89], "summary": {"covered_lines": 6, "num_statements": 6, "percent_covered": 100.0, "percent_covered_display": "100", "missing_lines": 0, "excluded_lines": 0}, "missing_lines": [], "excluded_lines": []}, "generate_contextual_embedding": {"executed_lines": [105, 107, 109, 119, 130, 133, 135, 137, 138, 139], "summary": {"covered_lines": 10, "num_statements": 10, "percent_covered": 100.0, "percent_covered_display": "100", "missing_lines": 0, "excluded_lines": 0}, "missing_lines": [], "excluded_lines": []}, "process_chunk_with_context": {"executed_lines": [155, 156], "summary": {"covered_lines": 2, "num_statements": 2, "percent_covered": 100.0, "percent_covered_display": "100", "missing_lines": 0, "excluded_lines": 0}, "missing_lines": [], "excluded_lines": []}, "add_documents_to_database": {"executed_lines": [182, 183, 186, 187, 190, 191, 192, 193, 194, 197, 198, 202, 203, 204, 205, 206, 207, 208, 209, 210, 211, 214, 215, 216, 218, 221, 222, 223, 224, 225, 226, 229, 230, 231, 232, 233, 236], "summary": {"covered_lines": 37, "num_statements": 37, "percent_covered": 100.0, "percent_covered_display": "100", "missing_lines": 0, "excluded_lines": 0}, "missing_lines": [], "excluded_lines": []}, "search_documents": {"executed_lines": [267, 270], "summary": {"covered_lines": 2, "num_statements": 2, "percent_covered": 100.0, "percent_covered_display": "100", "missing_lines": 0, "excluded_lines": 0}, "missing_lines": [], "excluded_lines": []}, "extract_code_blocks": {"executed_lines": [289, 293, 294, 295, 296, 297, 298, 299, 300, 303, 304, 305, 306, 309, 312, 313, 315, 316, 317, 318, 320, 321, 323, 324, 327, 328, 329, 332, 333, 336, 337, 339, 348, 350], "summary": {"covered_lines": 34, "num_statements": 34, "percent_covered": 100.0, "percent_covered_display": "100", "missing_lines": 0, "excluded_lines": 0}, "missing_lines": [], "excluded_lines": []}, "generate_code_example_summary": {"executed_lines": [365, 368, 383, 384, 394, 396, 397, 398], "summary": {"covered_lines": 8, "num_statements": 8, "percent_covered": 100.0, "percent_covered_display": "100", "missing_lines": 0, "excluded_lines": 0}, "missing_lines": [], "excluded_lines": []}, "add_code_examples_to_database": {"executed_lines": [422, 423, 426, 427, 428, 429, 432, 433, 434, 436, 437, 440, 441, 442, 443, 444, 447], "summary": {"covered_lines": 17, "num_statements": 17, "percent_covered": 100.0, "percent_covered_display": "100", "missing_lines": 0, "excluded_lines": 0}, "missing_lines": [], "excluded_lines": []}, "extract_source_summary": {"executed_lines": [473, 475, 476, 479, 482, 485, 492, 494, 505, 508, 509, 511, 513, 514, 515], "summary": {"covered_lines": 15, "num_statements": 15, "percent_covered": 100.0, "percent_covered_display": "100", "missing_lines": 0, "excluded_lines": 0}, "missing_lines": [], "excluded_lines": []}, "search_code_examples": {"executed_lines": [539, 542, 545], "summary": {"covered_lines": 3, "num_statements": 3, "percent_covered": 100.0, "percent_covered_display": "100", "missing_lines": 0, "excluded_lines": 0}, "missing_lines": [], "excluded_lines": []}, "": {"executed_lines": [1, 5, 6, 7, 8, 9, 10, 11, 12, 13, 14, 17, 20, 73, 92, 142, 159, 246, 278, 353, 401, 458, 518], "summary": {"covered_lines": 22, "num_statements": 22, "percent_covered": 100.0, "percent_covered_display": "100", "missing_lines": 0, "excluded_lines": 0}, "missing_lines": [], "excluded_lines": []}}, "classes": {"": {"executed_lines": [1, 5, 6, 7, 8, 9, 10, 11, 12, 13, 14, 17, 20, 30, 31, 33, 34, 36, 37, 38, 42, 43, 44, 45, 46, 47, 48, 50, 52, 53, 54, 56, 57, 58, 62, 63, 64, 65, 67, 69, 70, 73, 83, 84, 85, 86, 87, 89, 92, 105, 107, 109, 119, 130, 133, 135, 137, 138, 139, 142, 155, 156, 159, 182, 183, 186, 187, 190, 191, 192, 193, 194, 197, 198, 202, 203, 204, 205, 206, 207, 208, 209, 210, 211, 214, 215, 216, 218, 221, 222, 223, 224, 225, 226, 229, 230, 231, 232, 233, 236, 246, 267, 270, 278, 289, 293, 294, 295, 296, 297, 298, 299, 300, 303, 304, 305, 306, 309, 312, 313, 315, 316, 317, 318, 320, 321, 323, 324, 327, 328, 329, 332, 333, 336, 337, 339, 348, 350, 353, 365, 368, 383, 384, 394, 396, 397, 398, 401, 422, 423, 426, 427, 428, 429, 432, 433, 434, 436, 437, 440, 441, 442, 443, 444, 447, 458, 473, 475, 476, 479, 482, 485, 492, 494, 505, 508, 509, 511, 513, 514, 515, 518, 539, 542, 545], "summary": {"covered_lines": 184, "num_statements": 184, "percent_covered": 100.0, "percent_covered_display": "100", "missing_lines": 0, "excluded_lines": 0}, "missing_lines": [], "excluded_lines": []}}}}, "totals": {"covered_lines": 478, "num_statements": 2158, "percent_covered": 22.150139017608897, "percent_covered_display": "22", "missing_lines": 1680, "excluded_lines": 24}}