{"meta": {"format": 3, "version": "7.10.1", "timestamp": "2025-08-02T18:48:35.341806", "branch_coverage": false, "show_contexts": false}, "files": {"src/crawl4ai_mcp.py": {"executed_lines": [1, 8, 9, 10, 11, 12, 13, 14, 17, 22, 25, 29, 30, 31, 32, 33, 34, 36, 37, 38, 40, 41, 42, 48, 50, 51, 52, 53, 54, 56, 57, 59, 60, 61, 62, 63, 64, 65, 66, 67, 68, 70, 71, 74, 75, 76, 81, 82, 83, 84, 85, 86, 87, 88, 89, 90, 91, 92, 93, 94, 95, 96, 97, 98, 99, 100, 106, 107, 108, 109, 116, 117, 118, 121, 122, 123, 124, 129, 140, 141, 142, 143, 146, 148, 152, 153, 154, 158, 163, 164, 165, 168, 176, 188, 207, 225, 226, 227, 228, 229, 230, 231, 232, 234, 235, 327, 328, 329, 330, 332, 334, 336, 343, 349, 362, 365, 367, 370, 373, 376, 377, 380, 382, 383, 384, 385, 387, 397, 399, 409, 411, 433, 435, 436, 437, 439, 441, 444, 445, 446, 476, 478, 488, 489, 491, 497, 511, 512, 513, 534, 536, 538, 539, 545, 546, 549, 550, 551, 554, 562, 570, 571, 573, 574, 577, 578, 584, 586, 591, 592, 596, 601, 602, 608, 609, 617, 618, 619, 626, 627, 628, 629, 630, 632, 639, 642, 644, 645, 647, 664, 665, 667, 670, 672, 673, 675, 677, 679, 680, 681, 682, 691, 692, 694, 695, 698, 699, 701, 713, 719, 722, 742, 743, 744, 751, 752, 753, 770, 772, 774, 776, 777, 779, 780, 786, 787, 788, 793, 794, 796, 803, 804, 805, 806, 807, 808, 816, 817, 820, 835, 862, 864, 867, 868, 869, 870, 872, 874, 875, 876, 877, 878, 880, 881, 882, 883, 888, 890, 902, 903, 904, 905, 906, 909, 910, 913, 914, 915, 916, 917, 918, 919, 922, 924, 925, 926, 927, 928, 930, 932, 934, 935, 938, 941, 942, 943, 945, 948, 949, 950, 951, 954, 955, 956, 957, 958, 959, 960, 963, 964, 965, 966, 969, 972, 981, 982, 983, 1001, 1002, 1007, 1008, 1013, 1016, 1017, 1018, 1019, 1021, 1022, 1023, 1026, 1027, 1038, 1039, 1040, 1094, 1097, 1099, 1100, 1102, 1103, 1104, 1105, 1106, 1108, 1123, 1124, 1131, 1175, 1176, 1177, 1200, 1202, 1203, 1206, 1207, 1209, 1211, 1212, 1213, 1215, 1216, 1222, 1223, 1226, 1227, 1229, 1237, 1238, 1239, 1241, 1242, 1243, 1245, 1444, 1445, 1446, 1463, 1465, 1468, 1471, 1472, 1473, 1474, 1482, 1493, 1494, 1495, 1511, 1513, 1516, 1519, 1520, 1521, 1523, 1527, 1535, 1542, 1543, 1546, 1547, 1548, 1559, 1560, 1561, 1562, 1565, 1566, 1568, 1577, 1580, 1584, 1592, 1593, 1594, 1597, 1598, 1599, 1606, 1607, 1608, 1610, 1626, 1627, 1628, 1777, 1778, 1779, 1873, 1874, 1875, 2026, 2048, 2113, 2155, 2232, 2290, 2328, 2329, 2330, 2457, 2478, 2490, 2491, 2497, 2498, 2499, 2501, 2553, 2575], "summary": {"covered_lines": 435, "num_statements": 998, "percent_covered": 43.587174348697395, "percent_covered_display": "44", "missing_lines": 563, "excluded_lines": 0}, "missing_lines": [26, 27, 43, 44, 45, 77, 78, 79, 80, 101, 102, 103, 104, 110, 111, 112, 113, 125, 126, 127, 128, 149, 150, 160, 170, 178, 179, 180, 181, 182, 183, 184, 186, 190, 191, 193, 194, 196, 197, 199, 201, 202, 203, 204, 205, 209, 210, 212, 215, 216, 219, 220, 222, 246, 252, 253, 256, 259, 260, 261, 262, 263, 264, 265, 268, 269, 272, 274, 275, 276, 277, 279, 280, 281, 284, 285, 286, 289, 290, 291, 293, 294, 295, 296, 298, 300, 302, 303, 312, 313, 314, 315, 316, 317, 318, 319, 320, 321, 322, 323, 324, 333, 344, 345, 346, 347, 363, 421, 422, 424, 425, 426, 427, 428, 429, 431, 449, 450, 451, 452, 455, 457, 458, 459, 462, 464, 465, 466, 469, 470, 471, 474, 508, 509, 540, 587, 597, 610, 611, 633, 648, 655, 656, 684, 686, 687, 703, 704, 705, 710, 711, 715, 716, 789, 797, 810, 825, 826, 827, 885, 985, 987, 992, 993, 998, 1041, 1042, 1043, 1044, 1045, 1048, 1049, 1050, 1051, 1052, 1054, 1056, 1057, 1059, 1062, 1063, 1065, 1066, 1067, 1068, 1069, 1071, 1078, 1081, 1082, 1091, 1154, 1155, 1156, 1158, 1165, 1217, 1230, 1257, 1258, 1259, 1260, 1261, 1264, 1265, 1268, 1269, 1270, 1271, 1274, 1275, 1278, 1279, 1280, 1282, 1283, 1284, 1285, 1288, 1289, 1290, 1291, 1292, 1293, 1294, 1297, 1299, 1302, 1303, 1304, 1307, 1308, 1309, 1311, 1312, 1313, 1316, 1317, 1320, 1321, 1322, 1323, 1324, 1325, 1326, 1327, 1330, 1331, 1332, 1333, 1335, 1337, 1339, 1343, 1346, 1347, 1349, 1350, 1351, 1352, 1353, 1356, 1363, 1366, 1367, 1378, 1379, 1380, 1382, 1383, 1385, 1386, 1388, 1390, 1391, 1393, 1394, 1396, 1398, 1399, 1400, 1405, 1407, 1409, 1411, 1412, 1414, 1427, 1437, 1438, 1487, 1488, 1550, 1551, 1553, 1554, 1555, 1556, 1619, 1620, 1647, 1648, 1649, 1654, 1656, 1659, 1662, 1663, 1664, 1666, 1670, 1673, 1681, 1688, 1689, 1692, 1693, 1694, 1696, 1697, 1699, 1700, 1701, 1702, 1705, 1706, 1707, 1708, 1711, 1712, 1714, 1724, 1727, 1731, 1733, 1741, 1742, 1743, 1746, 1747, 1748, 1757, 1758, 1759, 1761, 1770, 1771, 1800, 1802, 1803, 1804, 1810, 1812, 1813, 1819, 1820, 1821, 1828, 1829, 1831, 1832, 1835, 1838, 1839, 1842, 1866, 1867, 1939, 1941, 1942, 1943, 1949, 1950, 1951, 1957, 1958, 1959, 1965, 1966, 1967, 1969, 1971, 1972, 1973, 1974, 1975, 1980, 1981, 1982, 1983, 1984, 1985, 1986, 1991, 1992, 1993, 1994, 1999, 2000, 2001, 2002, 2003, 2004, 2009, 2010, 2012, 2018, 2019, 2028, 2029, 2031, 2032, 2033, 2035, 2051, 2052, 2053, 2055, 2056, 2063, 2067, 2068, 2071, 2075, 2076, 2079, 2083, 2084, 2087, 2091, 2092, 2094, 2115, 2117, 2118, 2124, 2126, 2132, 2134, 2135, 2136, 2141, 2158, 2164, 2165, 2167, 2168, 2174, 2175, 2178, 2184, 2186, 2187, 2189, 2190, 2197, 2203, 2205, 2206, 2207, 2212, 2234, 2235, 2243, 2245, 2254, 2256, 2257, 2259, 2260, 2269, 2270, 2276, 2292, 2294, 2296, 2297, 2298, 2299, 2300, 2301, 2302, 2304, 2317, 2318, 2350, 2352, 2353, 2354, 2360, 2362, 2363, 2369, 2370, 2371, 2377, 2380, 2381, 2382, 2385, 2387, 2416, 2417, 2419, 2420, 2430, 2436, 2450, 2451, 2468, 2470, 2471, 2472, 2473, 2475, 2476, 2514, 2515, 2521, 2523, 2524, 2526, 2527, 2529, 2530, 2531, 2532, 2534, 2535, 2536, 2538, 2539, 2540, 2542, 2543, 2544, 2545, 2546, 2547, 2549, 2551, 2554, 2555, 2556, 2557, 2559, 2561, 2562, 2565, 2567, 2568, 2569, 2570, 2571, 2572, 2573, 2576, 2577, 2578, 2579, 2580, 2581, 2582], "excluded_lines": [], "functions": {"SuppressStdout.__enter__": {"executed_lines": [32, 33, 34], "summary": {"covered_lines": 3, "num_statements": 3, "percent_covered": 100.0, "percent_covered_display": "100", "missing_lines": 0, "excluded_lines": 0}, "missing_lines": [], "excluded_lines": []}, "SuppressStdout.__exit__": {"executed_lines": [37, 38], "summary": {"covered_lines": 2, "num_statements": 2, "percent_covered": 100.0, "percent_covered_display": "100", "missing_lines": 0, "excluded_lines": 0}, "missing_lines": [], "excluded_lines": []}, "MCPToolError.__init__": {"executed_lines": [], "summary": {"covered_lines": 0, "num_statements": 3, "percent_covered": 0.0, "percent_covered_display": "0", "missing_lines": 3, "excluded_lines": 0}, "missing_lines": [43, 44, 45], "excluded_lines": []}, "track_request": {"executed_lines": [50, 51, 71], "summary": {"covered_lines": 3, "num_statements": 3, "percent_covered": 100.0, "percent_covered_display": "100", "missing_lines": 0, "excluded_lines": 0}, "missing_lines": [], "excluded_lines": []}, "track_request.decorator": {"executed_lines": [52, 70], "summary": {"covered_lines": 2, "num_statements": 2, "percent_covered": 100.0, "percent_covered_display": "100", "missing_lines": 0, "excluded_lines": 0}, "missing_lines": [], "excluded_lines": []}, "track_request.decorator.wrapper": {"executed_lines": [53, 54, 56, 57, 59, 60, 61, 62, 63, 64, 65, 66, 67, 68], "summary": {"covered_lines": 14, "num_statements": 14, "percent_covered": 100.0, "percent_covered_display": "100", "missing_lines": 0, "excluded_lines": 0}, "missing_lines": [], "excluded_lines": []}, "validate_neo4j_connection": {"executed_lines": [], "summary": {"covered_lines": 0, "num_statements": 1, "percent_covered": 0.0, "percent_covered_display": "0", "missing_lines": 1, "excluded_lines": 0}, "missing_lines": [170], "excluded_lines": []}, "format_neo4j_error": {"executed_lines": [], "summary": {"covered_lines": 0, "num_statements": 8, "percent_covered": 0.0, "percent_covered_display": "0", "missing_lines": 8, "excluded_lines": 0}, "missing_lines": [178, 179, 180, 181, 182, 183, 184, 186], "excluded_lines": []}, "validate_script_path": {"executed_lines": [], "summary": {"covered_lines": 0, "num_statements": 12, "percent_covered": 0.0, "percent_covered_display": "0", "missing_lines": 12, "excluded_lines": 0}, "missing_lines": [190, 191, 193, 194, 196, 197, 199, 201, 202, 203, 204, 205], "excluded_lines": []}, "validate_github_url": {"executed_lines": [], "summary": {"covered_lines": 0, "num_statements": 8, "percent_covered": 0.0, "percent_covered_display": "0", "missing_lines": 8, "excluded_lines": 0}, "missing_lines": [209, 210, 212, 215, 216, 219, 220, 222], "excluded_lines": []}, "crawl4ai_lifespan": {"executed_lines": [], "summary": {"covered_lines": 0, "num_statements": 48, "percent_covered": 0.0, "percent_covered_display": "0", "missing_lines": 48, "excluded_lines": 0}, "missing_lines": [246, 252, 253, 256, 259, 260, 261, 262, 263, 264, 265, 268, 269, 272, 274, 275, 276, 277, 279, 280, 281, 284, 285, 286, 289, 290, 291, 293, 294, 295, 296, 298, 300, 302, 303, 312, 313, 314, 315, 316, 317, 318, 319, 320, 321, 322, 323, 324], "excluded_lines": []}, "rerank_results": {"executed_lines": [362, 365, 367, 370, 373, 376, 377, 380, 382, 383, 384, 385], "summary": {"covered_lines": 12, "num_statements": 13, "percent_covered": 92.3076923076923, "percent_covered_display": "92", "missing_lines": 1, "excluded_lines": 0}, "missing_lines": [363], "excluded_lines": []}, "is_sitemap": {"executed_lines": [397], "summary": {"covered_lines": 1, "num_statements": 1, "percent_covered": 100.0, "percent_covered_display": "100", "missing_lines": 0, "excluded_lines": 0}, "missing_lines": [], "excluded_lines": []}, "is_txt": {"executed_lines": [409], "summary": {"covered_lines": 1, "num_statements": 1, "percent_covered": 100.0, "percent_covered_display": "100", "missing_lines": 0, "excluded_lines": 0}, "missing_lines": [], "excluded_lines": []}, "parse_sitemap": {"executed_lines": [], "summary": {"covered_lines": 0, "num_statements": 9, "percent_covered": 0.0, "percent_covered_display": "0", "missing_lines": 9, "excluded_lines": 0}, "missing_lines": [421, 422, 424, 425, 426, 427, 428, 429, 431], "excluded_lines": []}, "smart_chunk_markdown": {"executed_lines": [435, 436, 437, 439, 441, 444, 445, 446, 476], "summary": {"covered_lines": 9, "num_statements": 25, "percent_covered": 36.0, "percent_covered_display": "36", "missing_lines": 16, "excluded_lines": 0}, "missing_lines": [449, 450, 451, 452, 455, 457, 458, 459, 462, 464, 465, 466, 469, 470, 471, 474], "excluded_lines": []}, "extract_section_info": {"executed_lines": [488, 489, 491], "summary": {"covered_lines": 3, "num_statements": 3, "percent_covered": 100.0, "percent_covered_display": "100", "missing_lines": 0, "excluded_lines": 0}, "missing_lines": [], "excluded_lines": []}, "process_code_example": {"executed_lines": [], "summary": {"covered_lines": 0, "num_statements": 2, "percent_covered": 0.0, "percent_covered_display": "0", "missing_lines": 2, "excluded_lines": 0}, "missing_lines": [508, 509], "excluded_lines": []}, "search": {"executed_lines": [534, 536, 538, 539, 545, 546, 549, 550, 551, 554, 562, 570, 571, 573, 574, 577, 578, 584, 586, 591, 592, 596, 601, 602, 608, 609, 617, 618, 619, 626, 627, 628, 629, 630, 632, 639, 642, 644, 645, 647, 664, 665, 667, 670, 672, 673, 675, 677, 679, 680, 681, 682, 691, 692, 694, 695, 698, 699, 701, 713, 719, 722, 742, 743, 744], "summary": {"covered_lines": 65, "num_statements": 84, "percent_covered": 77.38095238095238, "percent_covered_display": "77", "missing_lines": 19, "excluded_lines": 0}, "missing_lines": [540, 587, 597, 610, 611, 633, 648, 655, 656, 684, 686, 687, 703, 704, 705, 710, 711, 715, 716], "excluded_lines": []}, "scrape_urls": {"executed_lines": [770, 772, 774, 776, 777, 779, 780, 786, 787, 788, 793, 794, 796, 803, 804, 805, 806, 807, 808, 816, 817, 820], "summary": {"covered_lines": 22, "num_statements": 28, "percent_covered": 78.57142857142857, "percent_covered_display": "79", "missing_lines": 6, "excluded_lines": 0}, "missing_lines": [789, 797, 810, 825, 826, 827], "excluded_lines": []}, "_process_multiple_urls": {"executed_lines": [862, 864, 867, 868, 869, 870, 872, 874, 875, 876, 877, 878, 880, 881, 882, 883, 888, 890, 902, 903, 904, 905, 906, 909, 910, 913, 914, 915, 916, 917, 918, 919, 922, 924, 925, 926, 927, 928, 930, 932, 934, 935, 938, 941, 942, 943, 945, 948, 949, 950, 951, 954, 955, 956, 957, 958, 959, 960, 963, 964, 965, 966, 969, 972, 981, 982, 983, 1001, 1002, 1007, 1008, 1013, 1016, 1017, 1018, 1019, 1021, 1022, 1023, 1026, 1027, 1038, 1039, 1040, 1094, 1097, 1099, 1100, 1102, 1103, 1104, 1105, 1106, 1108, 1123, 1124, 1131], "summary": {"covered_lines": 97, "num_statements": 134, "percent_covered": 72.38805970149254, "percent_covered_display": "72", "missing_lines": 37, "excluded_lines": 0}, "missing_lines": [885, 985, 987, 992, 993, 998, 1041, 1042, 1043, 1044, 1045, 1048, 1049, 1050, 1051, 1052, 1054, 1056, 1057, 1059, 1062, 1063, 1065, 1066, 1067, 1068, 1069, 1071, 1078, 1081, 1082, 1091, 1154, 1155, 1156, 1158, 1165], "excluded_lines": []}, "smart_crawl_url": {"executed_lines": [1200, 1202, 1203, 1206, 1207, 1209, 1211, 1212, 1213, 1215, 1216, 1222, 1223, 1226, 1227, 1229, 1237, 1238, 1239, 1241, 1242, 1243, 1245], "summary": {"covered_lines": 23, "num_statements": 117, "percent_covered": 19.65811965811966, "percent_covered_display": "20", "missing_lines": 94, "excluded_lines": 0}, "missing_lines": [1217, 1230, 1257, 1258, 1259, 1260, 1261, 1264, 1265, 1268, 1269, 1270, 1271, 1274, 1275, 1278, 1279, 1280, 1282, 1283, 1284, 1285, 1288, 1289, 1290, 1291, 1292, 1293, 1294, 1297, 1299, 1302, 1303, 1304, 1307, 1308, 1309, 1311, 1312, 1313, 1316, 1317, 1320, 1321, 1322, 1323, 1324, 1325, 1326, 1327, 1330, 1331, 1332, 1333, 1335, 1337, 1339, 1343, 1346, 1347, 1349, 1350, 1351, 1352, 1353, 1356, 1363, 1366, 1367, 1378, 1379, 1380, 1382, 1383, 1385, 1386, 1388, 1390, 1391, 1393, 1394, 1396, 1398, 1399, 1400, 1405, 1407, 1409, 1411, 1412, 1414, 1427, 1437, 1438], "excluded_lines": []}, "get_available_sources": {"executed_lines": [1463, 1465, 1468, 1471, 1472, 1473, 1474, 1482], "summary": {"covered_lines": 8, "num_statements": 10, "percent_covered": 80.0, "percent_covered_display": "80", "missing_lines": 2, "excluded_lines": 0}, "missing_lines": [1487, 1488], "excluded_lines": []}, "perform_rag_query": {"executed_lines": [1511, 1513, 1516, 1519, 1520, 1521, 1523, 1527, 1535, 1542, 1543, 1546, 1547, 1548, 1559, 1560, 1561, 1562, 1565, 1566, 1568, 1577, 1580, 1584, 1592, 1593, 1594, 1597, 1598, 1599, 1606, 1607, 1608, 1610], "summary": {"covered_lines": 34, "num_statements": 42, "percent_covered": 80.95238095238095, "percent_covered_display": "81", "missing_lines": 8, "excluded_lines": 0}, "missing_lines": [1550, 1551, 1553, 1554, 1555, 1556, 1619, 1620], "excluded_lines": []}, "search_code_examples": {"executed_lines": [], "summary": {"covered_lines": 0, "num_statements": 47, "percent_covered": 0.0, "percent_covered_display": "0", "missing_lines": 47, "excluded_lines": 0}, "missing_lines": [1647, 1648, 1649, 1654, 1656, 1659, 1662, 1663, 1664, 1666, 1670, 1673, 1681, 1688, 1689, 1692, 1693, 1694, 1696, 1697, 1699, 1700, 1701, 1702, 1705, 1706, 1707, 1708, 1711, 1712, 1714, 1724, 1727, 1731, 1733, 1741, 1742, 1743, 1746, 1747, 1748, 1757, 1758, 1759, 1761, 1770, 1771], "excluded_lines": []}, "check_ai_script_hallucinations": {"executed_lines": [], "summary": {"covered_lines": 0, "num_statements": 20, "percent_covered": 0.0, "percent_covered_display": "0", "missing_lines": 20, "excluded_lines": 0}, "missing_lines": [1800, 1802, 1803, 1804, 1810, 1812, 1813, 1819, 1820, 1821, 1828, 1829, 1831, 1832, 1835, 1838, 1839, 1842, 1866, 1867], "excluded_lines": []}, "query_knowledge_graph": {"executed_lines": [], "summary": {"covered_lines": 0, "num_statements": 41, "percent_covered": 0.0, "percent_covered_display": "0", "missing_lines": 41, "excluded_lines": 0}, "missing_lines": [1939, 1941, 1942, 1943, 1949, 1950, 1951, 1957, 1958, 1959, 1965, 1966, 1967, 1969, 1971, 1972, 1973, 1974, 1975, 1980, 1981, 1982, 1983, 1984, 1985, 1986, 1991, 1992, 1993, 1994, 1999, 2000, 2001, 2002, 2003, 2004, 2009, 2010, 2012, 2018, 2019], "excluded_lines": []}, "_handle_repos_command": {"executed_lines": [], "summary": {"covered_lines": 0, "num_statements": 6, "percent_covered": 0.0, "percent_covered_display": "0", "missing_lines": 6, "excluded_lines": 0}, "missing_lines": [2028, 2029, 2031, 2032, 2033, 2035], "excluded_lines": []}, "_handle_explore_command": {"executed_lines": [], "summary": {"covered_lines": 0, "num_statements": 18, "percent_covered": 0.0, "percent_covered_display": "0", "missing_lines": 18, "excluded_lines": 0}, "missing_lines": [2051, 2052, 2053, 2055, 2056, 2063, 2067, 2068, 2071, 2075, 2076, 2079, 2083, 2084, 2087, 2091, 2092, 2094], "excluded_lines": []}, "_handle_classes_command": {"executed_lines": [], "summary": {"covered_lines": 0, "num_statements": 10, "percent_covered": 0.0, "percent_covered_display": "0", "missing_lines": 10, "excluded_lines": 0}, "missing_lines": [2115, 2117, 2118, 2124, 2126, 2132, 2134, 2135, 2136, 2141], "excluded_lines": []}, "_handle_class_command": {"executed_lines": [], "summary": {"covered_lines": 0, "num_statements": 19, "percent_covered": 0.0, "percent_covered_display": "0", "missing_lines": 19, "excluded_lines": 0}, "missing_lines": [2158, 2164, 2165, 2167, 2168, 2174, 2175, 2178, 2184, 2186, 2187, 2189, 2190, 2197, 2203, 2205, 2206, 2207, 2212], "excluded_lines": []}, "_handle_method_command": {"executed_lines": [], "summary": {"covered_lines": 0, "num_statements": 12, "percent_covered": 0.0, "percent_covered_display": "0", "missing_lines": 12, "excluded_lines": 0}, "missing_lines": [2234, 2235, 2243, 2245, 2254, 2256, 2257, 2259, 2260, 2269, 2270, 2276], "excluded_lines": []}, "_handle_query_command": {"executed_lines": [], "summary": {"covered_lines": 0, "num_statements": 12, "percent_covered": 0.0, "percent_covered_display": "0", "missing_lines": 12, "excluded_lines": 0}, "missing_lines": [2292, 2294, 2296, 2297, 2298, 2299, 2300, 2301, 2302, 2304, 2317, 2318], "excluded_lines": []}, "parse_github_repository": {"executed_lines": [], "summary": {"covered_lines": 0, "num_statements": 24, "percent_covered": 0.0, "percent_covered_display": "0", "missing_lines": 24, "excluded_lines": 0}, "missing_lines": [2350, 2352, 2353, 2354, 2360, 2362, 2363, 2369, 2370, 2371, 2377, 2380, 2381, 2382, 2385, 2387, 2416, 2417, 2419, 2420, 2430, 2436, 2450, 2451], "excluded_lines": []}, "crawl_markdown_file": {"executed_lines": [], "summary": {"covered_lines": 0, "num_statements": 7, "percent_covered": 0.0, "percent_covered_display": "0", "missing_lines": 7, "excluded_lines": 0}, "missing_lines": [2468, 2470, 2471, 2472, 2473, 2475, 2476], "excluded_lines": []}, "crawl_batch": {"executed_lines": [2490, 2491, 2497, 2498, 2499], "summary": {"covered_lines": 5, "num_statements": 5, "percent_covered": 100.0, "percent_covered_display": "100", "missing_lines": 0, "excluded_lines": 0}, "missing_lines": [], "excluded_lines": []}, "crawl_recursive_internal_links": {"executed_lines": [], "summary": {"covered_lines": 0, "num_statements": 24, "percent_covered": 0.0, "percent_covered_display": "0", "missing_lines": 24, "excluded_lines": 0}, "missing_lines": [2514, 2515, 2521, 2523, 2526, 2527, 2529, 2530, 2531, 2532, 2534, 2535, 2536, 2538, 2539, 2540, 2542, 2543, 2544, 2545, 2546, 2547, 2549, 2551], "excluded_lines": []}, "crawl_recursive_internal_links.normalize_url": {"executed_lines": [], "summary": {"covered_lines": 0, "num_statements": 1, "percent_covered": 0.0, "percent_covered_display": "0", "missing_lines": 1, "excluded_lines": 0}, "missing_lines": [2524], "excluded_lines": []}, "main": {"executed_lines": [], "summary": {"covered_lines": 0, "num_statements": 15, "percent_covered": 0.0, "percent_covered_display": "0", "missing_lines": 15, "excluded_lines": 0}, "missing_lines": [2554, 2555, 2556, 2557, 2559, 2561, 2562, 2565, 2567, 2568, 2569, 2570, 2571, 2572, 2573], "excluded_lines": []}, "": {"executed_lines": [1, 8, 9, 10, 11, 12, 13, 14, 17, 22, 25, 29, 30, 31, 36, 40, 41, 42, 48, 74, 75, 76, 81, 82, 83, 84, 85, 86, 87, 88, 89, 90, 91, 92, 93, 94, 95, 96, 97, 98, 99, 100, 106, 107, 108, 109, 116, 117, 118, 121, 122, 123, 124, 129, 140, 141, 142, 143, 146, 148, 152, 153, 154, 158, 163, 164, 165, 168, 176, 188, 207, 225, 226, 227, 228, 229, 230, 231, 232, 234, 235, 327, 328, 329, 330, 332, 334, 336, 343, 349, 387, 399, 411, 433, 478, 497, 511, 512, 513, 751, 752, 753, 835, 1175, 1176, 1177, 1444, 1445, 1446, 1493, 1494, 1495, 1626, 1627, 1628, 1777, 1778, 1779, 1873, 1874, 1875, 2026, 2048, 2113, 2155, 2232, 2290, 2328, 2329, 2330, 2457, 2478, 2501, 2553, 2575], "summary": {"covered_lines": 131, "num_statements": 164, "percent_covered": 79.8780487804878, "percent_covered_display": "80", "missing_lines": 33, "excluded_lines": 0}, "missing_lines": [26, 27, 77, 78, 79, 80, 101, 102, 103, 104, 110, 111, 112, 113, 125, 126, 127, 128, 149, 150, 160, 333, 344, 345, 346, 347, 2576, 2577, 2578, 2579, 2580, 2581, 2582], "excluded_lines": []}}, "classes": {"SuppressStdout": {"executed_lines": [32, 33, 34, 37, 38], "summary": {"covered_lines": 5, "num_statements": 5, "percent_covered": 100.0, "percent_covered_display": "100", "missing_lines": 0, "excluded_lines": 0}, "missing_lines": [], "excluded_lines": []}, "MCPToolError": {"executed_lines": [], "summary": {"covered_lines": 0, "num_statements": 3, "percent_covered": 0.0, "percent_covered_display": "0", "missing_lines": 3, "excluded_lines": 0}, "missing_lines": [43, 44, 45], "excluded_lines": []}, "Crawl4AIContext": {"executed_lines": [], "summary": {"covered_lines": 0, "num_statements": 0, "percent_covered": 100.0, "percent_covered_display": "100", "missing_lines": 0, "excluded_lines": 0}, "missing_lines": [], "excluded_lines": []}, "": {"executed_lines": [1, 8, 9, 10, 11, 12, 13, 14, 17, 22, 25, 29, 30, 31, 36, 40, 41, 42, 48, 50, 51, 52, 53, 54, 56, 57, 59, 60, 61, 62, 63, 64, 65, 66, 67, 68, 70, 71, 74, 75, 76, 81, 82, 83, 84, 85, 86, 87, 88, 89, 90, 91, 92, 93, 94, 95, 96, 97, 98, 99, 100, 106, 107, 108, 109, 116, 117, 118, 121, 122, 123, 124, 129, 140, 141, 142, 143, 146, 148, 152, 153, 154, 158, 163, 164, 165, 168, 176, 188, 207, 225, 226, 227, 228, 229, 230, 231, 232, 234, 235, 327, 328, 329, 330, 332, 334, 336, 343, 349, 362, 365, 367, 370, 373, 376, 377, 380, 382, 383, 384, 385, 387, 397, 399, 409, 411, 433, 435, 436, 437, 439, 441, 444, 445, 446, 476, 478, 488, 489, 491, 497, 511, 512, 513, 534, 536, 538, 539, 545, 546, 549, 550, 551, 554, 562, 570, 571, 573, 574, 577, 578, 584, 586, 591, 592, 596, 601, 602, 608, 609, 617, 618, 619, 626, 627, 628, 629, 630, 632, 639, 642, 644, 645, 647, 664, 665, 667, 670, 672, 673, 675, 677, 679, 680, 681, 682, 691, 692, 694, 695, 698, 699, 701, 713, 719, 722, 742, 743, 744, 751, 752, 753, 770, 772, 774, 776, 777, 779, 780, 786, 787, 788, 793, 794, 796, 803, 804, 805, 806, 807, 808, 816, 817, 820, 835, 862, 864, 867, 868, 869, 870, 872, 874, 875, 876, 877, 878, 880, 881, 882, 883, 888, 890, 902, 903, 904, 905, 906, 909, 910, 913, 914, 915, 916, 917, 918, 919, 922, 924, 925, 926, 927, 928, 930, 932, 934, 935, 938, 941, 942, 943, 945, 948, 949, 950, 951, 954, 955, 956, 957, 958, 959, 960, 963, 964, 965, 966, 969, 972, 981, 982, 983, 1001, 1002, 1007, 1008, 1013, 1016, 1017, 1018, 1019, 1021, 1022, 1023, 1026, 1027, 1038, 1039, 1040, 1094, 1097, 1099, 1100, 1102, 1103, 1104, 1105, 1106, 1108, 1123, 1124, 1131, 1175, 1176, 1177, 1200, 1202, 1203, 1206, 1207, 1209, 1211, 1212, 1213, 1215, 1216, 1222, 1223, 1226, 1227, 1229, 1237, 1238, 1239, 1241, 1242, 1243, 1245, 1444, 1445, 1446, 1463, 1465, 1468, 1471, 1472, 1473, 1474, 1482, 1493, 1494, 1495, 1511, 1513, 1516, 1519, 1520, 1521, 1523, 1527, 1535, 1542, 1543, 1546, 1547, 1548, 1559, 1560, 1561, 1562, 1565, 1566, 1568, 1577, 1580, 1584, 1592, 1593, 1594, 1597, 1598, 1599, 1606, 1607, 1608, 1610, 1626, 1627, 1628, 1777, 1778, 1779, 1873, 1874, 1875, 2026, 2048, 2113, 2155, 2232, 2290, 2328, 2329, 2330, 2457, 2478, 2490, 2491, 2497, 2498, 2499, 2501, 2553, 2575], "summary": {"covered_lines": 430, "num_statements": 990, "percent_covered": 43.43434343434343, "percent_covered_display": "43", "missing_lines": 560, "excluded_lines": 0}, "missing_lines": [26, 27, 77, 78, 79, 80, 101, 102, 103, 104, 110, 111, 112, 113, 125, 126, 127, 128, 149, 150, 160, 170, 178, 179, 180, 181, 182, 183, 184, 186, 190, 191, 193, 194, 196, 197, 199, 201, 202, 203, 204, 205, 209, 210, 212, 215, 216, 219, 220, 222, 246, 252, 253, 256, 259, 260, 261, 262, 263, 264, 265, 268, 269, 272, 274, 275, 276, 277, 279, 280, 281, 284, 285, 286, 289, 290, 291, 293, 294, 295, 296, 298, 300, 302, 303, 312, 313, 314, 315, 316, 317, 318, 319, 320, 321, 322, 323, 324, 333, 344, 345, 346, 347, 363, 421, 422, 424, 425, 426, 427, 428, 429, 431, 449, 450, 451, 452, 455, 457, 458, 459, 462, 464, 465, 466, 469, 470, 471, 474, 508, 509, 540, 587, 597, 610, 611, 633, 648, 655, 656, 684, 686, 687, 703, 704, 705, 710, 711, 715, 716, 789, 797, 810, 825, 826, 827, 885, 985, 987, 992, 993, 998, 1041, 1042, 1043, 1044, 1045, 1048, 1049, 1050, 1051, 1052, 1054, 1056, 1057, 1059, 1062, 1063, 1065, 1066, 1067, 1068, 1069, 1071, 1078, 1081, 1082, 1091, 1154, 1155, 1156, 1158, 1165, 1217, 1230, 1257, 1258, 1259, 1260, 1261, 1264, 1265, 1268, 1269, 1270, 1271, 1274, 1275, 1278, 1279, 1280, 1282, 1283, 1284, 1285, 1288, 1289, 1290, 1291, 1292, 1293, 1294, 1297, 1299, 1302, 1303, 1304, 1307, 1308, 1309, 1311, 1312, 1313, 1316, 1317, 1320, 1321, 1322, 1323, 1324, 1325, 1326, 1327, 1330, 1331, 1332, 1333, 1335, 1337, 1339, 1343, 1346, 1347, 1349, 1350, 1351, 1352, 1353, 1356, 1363, 1366, 1367, 1378, 1379, 1380, 1382, 1383, 1385, 1386, 1388, 1390, 1391, 1393, 1394, 1396, 1398, 1399, 1400, 1405, 1407, 1409, 1411, 1412, 1414, 1427, 1437, 1438, 1487, 1488, 1550, 1551, 1553, 1554, 1555, 1556, 1619, 1620, 1647, 1648, 1649, 1654, 1656, 1659, 1662, 1663, 1664, 1666, 1670, 1673, 1681, 1688, 1689, 1692, 1693, 1694, 1696, 1697, 1699, 1700, 1701, 1702, 1705, 1706, 1707, 1708, 1711, 1712, 1714, 1724, 1727, 1731, 1733, 1741, 1742, 1743, 1746, 1747, 1748, 1757, 1758, 1759, 1761, 1770, 1771, 1800, 1802, 1803, 1804, 1810, 1812, 1813, 1819, 1820, 1821, 1828, 1829, 1831, 1832, 1835, 1838, 1839, 1842, 1866, 1867, 1939, 1941, 1942, 1943, 1949, 1950, 1951, 1957, 1958, 1959, 1965, 1966, 1967, 1969, 1971, 1972, 1973, 1974, 1975, 1980, 1981, 1982, 1983, 1984, 1985, 1986, 1991, 1992, 1993, 1994, 1999, 2000, 2001, 2002, 2003, 2004, 2009, 2010, 2012, 2018, 2019, 2028, 2029, 2031, 2032, 2033, 2035, 2051, 2052, 2053, 2055, 2056, 2063, 2067, 2068, 2071, 2075, 2076, 2079, 2083, 2084, 2087, 2091, 2092, 2094, 2115, 2117, 2118, 2124, 2126, 2132, 2134, 2135, 2136, 2141, 2158, 2164, 2165, 2167, 2168, 2174, 2175, 2178, 2184, 2186, 2187, 2189, 2190, 2197, 2203, 2205, 2206, 2207, 2212, 2234, 2235, 2243, 2245, 2254, 2256, 2257, 2259, 2260, 2269, 2270, 2276, 2292, 2294, 2296, 2297, 2298, 2299, 2300, 2301, 2302, 2304, 2317, 2318, 2350, 2352, 2353, 2354, 2360, 2362, 2363, 2369, 2370, 2371, 2377, 2380, 2381, 2382, 2385, 2387, 2416, 2417, 2419, 2420, 2430, 2436, 2450, 2451, 2468, 2470, 2471, 2472, 2473, 2475, 2476, 2514, 2515, 2521, 2523, 2524, 2526, 2527, 2529, 2530, 2531, 2532, 2534, 2535, 2536, 2538, 2539, 2540, 2542, 2543, 2544, 2545, 2546, 2547, 2549, 2551, 2554, 2555, 2556, 2557, 2559, 2561, 2562, 2565, 2567, 2568, 2569, 2570, 2571, 2572, 2573, 2576, 2577, 2578, 2579, 2580, 2581, 2582], "excluded_lines": []}}}, "src/database/__init__.py": {"executed_lines": [1, 5, 6, 8], "summary": {"covered_lines": 3, "num_statements": 3, "percent_covered": 100.0, "percent_covered_display": "100", "missing_lines": 0, "excluded_lines": 0}, "missing_lines": [], "excluded_lines": [], "functions": {"": {"executed_lines": [1, 5, 6, 8], "summary": {"covered_lines": 3, "num_statements": 3, "percent_covered": 100.0, "percent_covered_display": "100", "missing_lines": 0, "excluded_lines": 0}, "missing_lines": [], "excluded_lines": []}}, "classes": {"": {"executed_lines": [1, 5, 6, 8], "summary": {"covered_lines": 3, "num_statements": 3, "percent_covered": 100.0, "percent_covered_display": "100", "missing_lines": 0, "excluded_lines": 0}, "missing_lines": [], "excluded_lines": []}}}, "src/database/base.py": {"executed_lines": [1, 5, 8, 9, 10, 15, 22, 44, 72, 81, 105, 134, 143, 159, 177, 196, 215], "summary": {"covered_lines": 15, "num_statements": 15, "percent_covered": 100.0, "percent_covered_display": "100", "missing_lines": 0, "excluded_lines": 24}, "missing_lines": [], "excluded_lines": [20, 21, 42, 43, 70, 71, 79, 80, 103, 104, 132, 133, 141, 142, 157, 158, 175, 176, 194, 195, 213, 214, 227, 228], "functions": {"VectorDatabase.initialize": {"executed_lines": [], "summary": {"covered_lines": 0, "num_statements": 0, "percent_covered": 100.0, "percent_covered_display": "100", "missing_lines": 0, "excluded_lines": 1}, "missing_lines": [], "excluded_lines": [20]}, "VectorDatabase.add_documents": {"executed_lines": [], "summary": {"covered_lines": 0, "num_statements": 0, "percent_covered": 100.0, "percent_covered_display": "100", "missing_lines": 0, "excluded_lines": 1}, "missing_lines": [], "excluded_lines": [42]}, "VectorDatabase.search_documents": {"executed_lines": [], "summary": {"covered_lines": 0, "num_statements": 0, "percent_covered": 100.0, "percent_covered_display": "100", "missing_lines": 0, "excluded_lines": 1}, "missing_lines": [], "excluded_lines": [70]}, "VectorDatabase.delete_documents_by_url": {"executed_lines": [], "summary": {"covered_lines": 0, "num_statements": 0, "percent_covered": 100.0, "percent_covered_display": "100", "missing_lines": 0, "excluded_lines": 1}, "missing_lines": [], "excluded_lines": [79]}, "VectorDatabase.add_code_examples": {"executed_lines": [], "summary": {"covered_lines": 0, "num_statements": 0, "percent_covered": 100.0, "percent_covered_display": "100", "missing_lines": 0, "excluded_lines": 1}, "missing_lines": [], "excluded_lines": [103]}, "VectorDatabase.search_code_examples": {"executed_lines": [], "summary": {"covered_lines": 0, "num_statements": 0, "percent_covered": 100.0, "percent_covered_display": "100", "missing_lines": 0, "excluded_lines": 1}, "missing_lines": [], "excluded_lines": [132]}, "VectorDatabase.delete_code_examples_by_url": {"executed_lines": [], "summary": {"covered_lines": 0, "num_statements": 0, "percent_covered": 100.0, "percent_covered_display": "100", "missing_lines": 0, "excluded_lines": 1}, "missing_lines": [], "excluded_lines": [141]}, "VectorDatabase.update_source_info": {"executed_lines": [], "summary": {"covered_lines": 0, "num_statements": 0, "percent_covered": 100.0, "percent_covered_display": "100", "missing_lines": 0, "excluded_lines": 1}, "missing_lines": [], "excluded_lines": [157]}, "VectorDatabase.get_documents_by_url": {"executed_lines": [], "summary": {"covered_lines": 0, "num_statements": 0, "percent_covered": 100.0, "percent_covered_display": "100", "missing_lines": 0, "excluded_lines": 1}, "missing_lines": [], "excluded_lines": [175]}, "VectorDatabase.search_documents_by_keyword": {"executed_lines": [], "summary": {"covered_lines": 0, "num_statements": 0, "percent_covered": 100.0, "percent_covered_display": "100", "missing_lines": 0, "excluded_lines": 1}, "missing_lines": [], "excluded_lines": [194]}, "VectorDatabase.search_code_examples_by_keyword": {"executed_lines": [], "summary": {"covered_lines": 0, "num_statements": 0, "percent_covered": 100.0, "percent_covered_display": "100", "missing_lines": 0, "excluded_lines": 1}, "missing_lines": [], "excluded_lines": [213]}, "VectorDatabase.get_sources": {"executed_lines": [], "summary": {"covered_lines": 0, "num_statements": 0, "percent_covered": 100.0, "percent_covered_display": "100", "missing_lines": 0, "excluded_lines": 1}, "missing_lines": [], "excluded_lines": [227]}, "": {"executed_lines": [1, 5, 8, 9, 10, 15, 22, 44, 72, 81, 105, 134, 143, 159, 177, 196, 215], "summary": {"covered_lines": 15, "num_statements": 15, "percent_covered": 100.0, "percent_covered_display": "100", "missing_lines": 0, "excluded_lines": 11}, "missing_lines": [], "excluded_lines": [21, 43, 71, 80, 104, 133, 142, 158, 176, 195, 214]}}, "classes": {"VectorDatabase": {"executed_lines": [], "summary": {"covered_lines": 0, "num_statements": 0, "percent_covered": 100.0, "percent_covered_display": "100", "missing_lines": 0, "excluded_lines": 12}, "missing_lines": [], "excluded_lines": [20, 42, 70, 79, 103, 132, 141, 157, 175, 194, 213, 227]}, "": {"executed_lines": [1, 5, 8, 9, 10, 15, 22, 44, 72, 81, 105, 134, 143, 159, 177, 196, 215], "summary": {"covered_lines": 15, "num_statements": 15, "percent_covered": 100.0, "percent_covered_display": "100", "missing_lines": 0, "excluded_lines": 11}, "missing_lines": [], "excluded_lines": [21, 43, 71, 80, 104, 133, 142, 158, 176, 195, 214]}}}, "src/database/factory.py": {"executed_lines": [1, 4, 5, 6, 7, 8, 11, 21, 24, 25, 27, 28, 29, 30, 31, 32, 34, 40, 48, 49, 50], "summary": {"covered_lines": 20, "num_statements": 20, "percent_covered": 100.0, "percent_covered_display": "100", "missing_lines": 0, "excluded_lines": 0}, "missing_lines": [], "excluded_lines": [], "functions": {"create_database_client": {"executed_lines": [21, 24, 25, 27, 28, 29, 30, 31, 32, 34], "summary": {"covered_lines": 10, "num_statements": 10, "percent_covered": 100.0, "percent_covered_display": "100", "missing_lines": 0, "excluded_lines": 0}, "missing_lines": [], "excluded_lines": []}, "create_and_initialize_database": {"executed_lines": [48, 49, 50], "summary": {"covered_lines": 3, "num_statements": 3, "percent_covered": 100.0, "percent_covered_display": "100", "missing_lines": 0, "excluded_lines": 0}, "missing_lines": [], "excluded_lines": []}, "": {"executed_lines": [1, 4, 5, 6, 7, 8, 11, 40], "summary": {"covered_lines": 7, "num_statements": 7, "percent_covered": 100.0, "percent_covered_display": "100", "missing_lines": 0, "excluded_lines": 0}, "missing_lines": [], "excluded_lines": []}}, "classes": {"": {"executed_lines": [1, 4, 5, 6, 7, 8, 11, 21, 24, 25, 27, 28, 29, 30, 31, 32, 34, 40, 48, 49, 50], "summary": {"covered_lines": 20, "num_statements": 20, "percent_covered": 100.0, "percent_covered_display": "100", "missing_lines": 0, "excluded_lines": 0}, "missing_lines": [], "excluded_lines": []}}}, "src/database/qdrant_adapter.py": {"executed_lines": [1, 6, 7, 8, 9, 10, 11, 12, 13, 14, 15, 21, 22, 30, 32, 33, 34, 35, 38, 39, 40, 42, 44, 45, 48, 50, 52, 58, 60, 61, 62, 63, 65, 72, 74, 75, 77, 87, 91, 92, 93, 94, 95, 96, 99, 100, 101, 102, 103, 104, 105, 106, 109, 110, 113, 116, 122, 123, 125, 130, 133, 134, 135, 145, 154, 156, 157, 158, 165, 166, 174, 175, 176, 179, 180, 191, 192, 193, 194, 195, 196, 198, 200, 207, 210, 217, 226, 229, 230, 239, 242, 243, 244, 245, 246, 248, 250, 252, 262, 263, 272, 275, 276, 277, 278, 279, 282, 284, 286, 289, 298, 299, 308, 310, 312, 315, 322, 371, 413, 446, 473, 512, 574, 588, 590, 591, 593, 595, 598, 605, 607, 670, 671, 672], "summary": {"covered_lines": 132, "num_statements": 227, "percent_covered": 58.14977973568282, "percent_covered_display": "58", "missing_lines": 95, "excluded_lines": 0}, "missing_lines": [88, 141, 142, 143, 218, 219, 333, 334, 335, 336, 337, 338, 339, 340, 343, 344, 347, 349, 360, 363, 364, 379, 380, 381, 382, 383, 389, 392, 393, 404, 405, 406, 407, 408, 409, 411, 424, 426, 438, 439, 452, 453, 464, 465, 466, 467, 468, 469, 471, 480, 483, 485, 486, 493, 494, 497, 498, 499, 502, 508, 509, 510, 524, 526, 528, 529, 530, 532, 534, 544, 547, 548, 557, 560, 561, 563, 566, 568, 570, 571, 572, 608, 609, 615, 627, 628, 629, 633, 637, 638, 639, 642, 645, 647, 663], "excluded_lines": [], "functions": {"QdrantAdapter.__init__": {"executed_lines": [32, 33, 34, 35, 38, 39, 40], "summary": {"covered_lines": 7, "num_statements": 7, "percent_covered": 100.0, "percent_covered_display": "100", "missing_lines": 0, "excluded_lines": 0}, "missing_lines": [], "excluded_lines": []}, "QdrantAdapter.initialize": {"executed_lines": [44, 45, 48], "summary": {"covered_lines": 3, "num_statements": 3, "percent_covered": 100.0, "percent_covered_display": "100", "missing_lines": 0, "excluded_lines": 0}, "missing_lines": [], "excluded_lines": []}, "QdrantAdapter._ensure_collections": {"executed_lines": [52, 58, 60, 61, 62, 63, 65], "summary": {"covered_lines": 7, "num_statements": 7, "percent_covered": 100.0, "percent_covered_display": "100", "missing_lines": 0, "excluded_lines": 0}, "missing_lines": [], "excluded_lines": []}, "QdrantAdapter._generate_point_id": {"executed_lines": [74, 75], "summary": {"covered_lines": 2, "num_statements": 2, "percent_covered": 100.0, "percent_covered_display": "100", "missing_lines": 0, "excluded_lines": 0}, "missing_lines": [], "excluded_lines": []}, "QdrantAdapter.add_documents": {"executed_lines": [87, 91, 92, 93, 94, 95, 96, 99, 100, 101, 102, 103, 104, 105, 106, 109, 110, 113, 116, 122, 123, 125, 130, 133, 134, 135], "summary": {"covered_lines": 26, "num_statements": 30, "percent_covered": 86.66666666666667, "percent_covered_display": "87", "missing_lines": 4, "excluded_lines": 0}, "missing_lines": [88, 141, 142, 143], "excluded_lines": []}, "QdrantAdapter.search_documents": {"executed_lines": [154, 156, 157, 158, 165, 166, 174, 175, 176, 179, 180, 191, 192, 193, 194, 195, 196, 198], "summary": {"covered_lines": 18, "num_statements": 18, "percent_covered": 100.0, "percent_covered_display": "100", "missing_lines": 0, "excluded_lines": 0}, "missing_lines": [], "excluded_lines": []}, "QdrantAdapter.search_documents_by_keyword": {"executed_lines": [207, 210, 217, 226, 229, 230, 239, 242, 243, 244, 245, 246, 248], "summary": {"covered_lines": 13, "num_statements": 15, "percent_covered": 86.66666666666667, "percent_covered_display": "87", "missing_lines": 2, "excluded_lines": 0}, "missing_lines": [218, 219], "excluded_lines": []}, "QdrantAdapter.get_documents_by_url": {"executed_lines": [252, 262, 263, 272, 275, 276, 277, 278, 279, 282, 284], "summary": {"covered_lines": 11, "num_statements": 11, "percent_covered": 100.0, "percent_covered_display": "100", "missing_lines": 0, "excluded_lines": 0}, "missing_lines": [], "excluded_lines": []}, "QdrantAdapter.delete_documents_by_url": {"executed_lines": [289, 298, 299, 308, 310, 312, 315], "summary": {"covered_lines": 7, "num_statements": 7, "percent_covered": 100.0, "percent_covered_display": "100", "missing_lines": 0, "excluded_lines": 0}, "missing_lines": [], "excluded_lines": []}, "QdrantAdapter.add_code_examples": {"executed_lines": [], "summary": {"covered_lines": 0, "num_statements": 15, "percent_covered": 0.0, "percent_covered_display": "0", "missing_lines": 15, "excluded_lines": 0}, "missing_lines": [333, 334, 335, 336, 337, 338, 339, 340, 343, 344, 347, 349, 360, 363, 364], "excluded_lines": []}, "QdrantAdapter.search_code_examples": {"executed_lines": [], "summary": {"covered_lines": 0, "num_statements": 15, "percent_covered": 0.0, "percent_covered_display": "0", "missing_lines": 15, "excluded_lines": 0}, "missing_lines": [379, 380, 381, 382, 383, 389, 392, 393, 404, 405, 406, 407, 408, 409, 411], "excluded_lines": []}, "QdrantAdapter.add_source": {"executed_lines": [], "summary": {"covered_lines": 0, "num_statements": 4, "percent_covered": 0.0, "percent_covered_display": "0", "missing_lines": 4, "excluded_lines": 0}, "missing_lines": [424, 426, 438, 439], "excluded_lines": []}, "QdrantAdapter.search_sources": {"executed_lines": [], "summary": {"covered_lines": 0, "num_statements": 9, "percent_covered": 0.0, "percent_covered_display": "0", "missing_lines": 9, "excluded_lines": 0}, "missing_lines": [452, 453, 464, 465, 466, 467, 468, 469, 471], "excluded_lines": []}, "QdrantAdapter.update_source": {"executed_lines": [], "summary": {"covered_lines": 0, "num_statements": 13, "percent_covered": 0.0, "percent_covered_display": "0", "missing_lines": 13, "excluded_lines": 0}, "missing_lines": [480, 483, 485, 486, 493, 494, 497, 498, 499, 502, 508, 509, 510], "excluded_lines": []}, "QdrantAdapter.get_sources": {"executed_lines": [], "summary": {"covered_lines": 0, "num_statements": 19, "percent_covered": 0.0, "percent_covered_display": "0", "missing_lines": 19, "excluded_lines": 0}, "missing_lines": [524, 526, 528, 529, 530, 532, 534, 544, 547, 548, 557, 560, 561, 563, 566, 568, 570, 571, 572], "excluded_lines": []}, "QdrantAdapter.update_source_info": {"executed_lines": [588, 590, 591, 593, 595, 598, 605, 607, 670, 671, 672], "summary": {"covered_lines": 11, "num_statements": 25, "percent_covered": 44.0, "percent_covered_display": "44", "missing_lines": 14, "excluded_lines": 0}, "missing_lines": [608, 609, 615, 627, 628, 629, 633, 637, 638, 639, 642, 645, 647, 663], "excluded_lines": []}, "": {"executed_lines": [1, 6, 7, 8, 9, 10, 11, 12, 13, 14, 15, 21, 22, 30, 42, 50, 72, 77, 145, 200, 250, 286, 322, 371, 413, 446, 473, 512, 574], "summary": {"covered_lines": 27, "num_statements": 27, "percent_covered": 100.0, "percent_covered_display": "100", "missing_lines": 0, "excluded_lines": 0}, "missing_lines": [], "excluded_lines": []}}, "classes": {"QdrantAdapter": {"executed_lines": [32, 33, 34, 35, 38, 39, 40, 44, 45, 48, 52, 58, 60, 61, 62, 63, 65, 74, 75, 87, 91, 92, 93, 94, 95, 96, 99, 100, 101, 102, 103, 104, 105, 106, 109, 110, 113, 116, 122, 123, 125, 130, 133, 134, 135, 154, 156, 157, 158, 165, 166, 174, 175, 176, 179, 180, 191, 192, 193, 194, 195, 196, 198, 207, 210, 217, 226, 229, 230, 239, 242, 243, 244, 245, 246, 248, 252, 262, 263, 272, 275, 276, 277, 278, 279, 282, 284, 289, 298, 299, 308, 310, 312, 315, 588, 590, 591, 593, 595, 598, 605, 607, 670, 671, 672], "summary": {"covered_lines": 105, "num_statements": 200, "percent_covered": 52.5, "percent_covered_display": "52", "missing_lines": 95, "excluded_lines": 0}, "missing_lines": [88, 141, 142, 143, 218, 219, 333, 334, 335, 336, 337, 338, 339, 340, 343, 344, 347, 349, 360, 363, 364, 379, 380, 381, 382, 383, 389, 392, 393, 404, 405, 406, 407, 408, 409, 411, 424, 426, 438, 439, 452, 453, 464, 465, 466, 467, 468, 469, 471, 480, 483, 485, 486, 493, 494, 497, 498, 499, 502, 508, 509, 510, 524, 526, 528, 529, 530, 532, 534, 544, 547, 548, 557, 560, 561, 563, 566, 568, 570, 571, 572, 608, 609, 615, 627, 628, 629, 633, 637, 638, 639, 642, 645, 647, 663], "excluded_lines": []}, "": {"executed_lines": [1, 6, 7, 8, 9, 10, 11, 12, 13, 14, 15, 21, 22, 30, 42, 50, 72, 77, 145, 200, 250, 286, 322, 371, 413, 446, 473, 512, 574], "summary": {"covered_lines": 27, "num_statements": 27, "percent_covered": 100.0, "percent_covered_display": "100", "missing_lines": 0, "excluded_lines": 0}, "missing_lines": [], "excluded_lines": []}}}, "src/database/qdrant_adapter_fixed.py": {"executed_lines": [], "summary": {"covered_lines": 0, "num_statements": 180, "percent_covered": 0.0, "percent_covered_display": "0", "missing_lines": 180, "excluded_lines": 0}, "missing_lines": [6, 7, 8, 9, 10, 11, 12, 13, 14, 20, 29, 31, 32, 33, 34, 37, 38, 39, 41, 43, 44, 47, 49, 51, 57, 59, 60, 61, 62, 64, 71, 73, 74, 76, 86, 87, 90, 91, 92, 93, 94, 95, 98, 99, 100, 101, 102, 103, 104, 105, 108, 109, 112, 115, 121, 122, 124, 129, 132, 133, 134, 140, 141, 142, 144, 153, 155, 156, 157, 164, 165, 173, 174, 175, 178, 179, 189, 190, 191, 192, 193, 194, 196, 198, 205, 208, 215, 216, 217, 224, 227, 228, 236, 239, 240, 241, 242, 243, 245, 247, 249, 259, 260, 268, 271, 272, 273, 274, 275, 278, 280, 282, 285, 294, 295, 303, 305, 307, 310, 317, 328, 329, 330, 331, 332, 333, 334, 335, 338, 339, 342, 344, 355, 358, 359, 366, 374, 375, 376, 377, 378, 384, 387, 388, 398, 399, 400, 401, 402, 403, 405, 407, 418, 420, 432, 433, 440, 446, 447, 457, 458, 459, 460, 461, 462, 464, 466, 473, 476, 478, 479, 486, 487, 490, 491, 492, 495, 501, 502, 503], "excluded_lines": [], "functions": {"QdrantAdapter.__init__": {"executed_lines": [], "summary": {"covered_lines": 0, "num_statements": 7, "percent_covered": 0.0, "percent_covered_display": "0", "missing_lines": 7, "excluded_lines": 0}, "missing_lines": [31, 32, 33, 34, 37, 38, 39], "excluded_lines": []}, "QdrantAdapter.initialize": {"executed_lines": [], "summary": {"covered_lines": 0, "num_statements": 3, "percent_covered": 0.0, "percent_covered_display": "0", "missing_lines": 3, "excluded_lines": 0}, "missing_lines": [43, 44, 47], "excluded_lines": []}, "QdrantAdapter._ensure_collections": {"executed_lines": [], "summary": {"covered_lines": 0, "num_statements": 7, "percent_covered": 0.0, "percent_covered_display": "0", "missing_lines": 7, "excluded_lines": 0}, "missing_lines": [51, 57, 59, 60, 61, 62, 64], "excluded_lines": []}, "QdrantAdapter._generate_point_id": {"executed_lines": [], "summary": {"covered_lines": 0, "num_statements": 2, "percent_covered": 0.0, "percent_covered_display": "0", "missing_lines": 2, "excluded_lines": 0}, "missing_lines": [73, 74], "excluded_lines": []}, "QdrantAdapter.add_documents": {"executed_lines": [], "summary": {"covered_lines": 0, "num_statements": 30, "percent_covered": 0.0, "percent_covered_display": "0", "missing_lines": 30, "excluded_lines": 0}, "missing_lines": [86, 87, 90, 91, 92, 93, 94, 95, 98, 99, 100, 101, 102, 103, 104, 105, 108, 109, 112, 115, 121, 122, 124, 129, 132, 133, 134, 140, 141, 142], "excluded_lines": []}, "QdrantAdapter.search_documents": {"executed_lines": [], "summary": {"covered_lines": 0, "num_statements": 18, "percent_covered": 0.0, "percent_covered_display": "0", "missing_lines": 18, "excluded_lines": 0}, "missing_lines": [153, 155, 156, 157, 164, 165, 173, 174, 175, 178, 179, 189, 190, 191, 192, 193, 194, 196], "excluded_lines": []}, "QdrantAdapter.search_documents_by_keyword": {"executed_lines": [], "summary": {"covered_lines": 0, "num_statements": 15, "percent_covered": 0.0, "percent_covered_display": "0", "missing_lines": 15, "excluded_lines": 0}, "missing_lines": [205, 208, 215, 216, 217, 224, 227, 228, 236, 239, 240, 241, 242, 243, 245], "excluded_lines": []}, "QdrantAdapter.get_documents_by_url": {"executed_lines": [], "summary": {"covered_lines": 0, "num_statements": 11, "percent_covered": 0.0, "percent_covered_display": "0", "missing_lines": 11, "excluded_lines": 0}, "missing_lines": [249, 259, 260, 268, 271, 272, 273, 274, 275, 278, 280], "excluded_lines": []}, "QdrantAdapter.delete_documents_by_url": {"executed_lines": [], "summary": {"covered_lines": 0, "num_statements": 7, "percent_covered": 0.0, "percent_covered_display": "0", "missing_lines": 7, "excluded_lines": 0}, "missing_lines": [285, 294, 295, 303, 305, 307, 310], "excluded_lines": []}, "QdrantAdapter.add_code_examples": {"executed_lines": [], "summary": {"covered_lines": 0, "num_statements": 15, "percent_covered": 0.0, "percent_covered_display": "0", "missing_lines": 15, "excluded_lines": 0}, "missing_lines": [328, 329, 330, 331, 332, 333, 334, 335, 338, 339, 342, 344, 355, 358, 359], "excluded_lines": []}, "QdrantAdapter.search_code_examples": {"executed_lines": [], "summary": {"covered_lines": 0, "num_statements": 15, "percent_covered": 0.0, "percent_covered_display": "0", "missing_lines": 15, "excluded_lines": 0}, "missing_lines": [374, 375, 376, 377, 378, 384, 387, 388, 398, 399, 400, 401, 402, 403, 405], "excluded_lines": []}, "QdrantAdapter.add_source": {"executed_lines": [], "summary": {"covered_lines": 0, "num_statements": 4, "percent_covered": 0.0, "percent_covered_display": "0", "missing_lines": 4, "excluded_lines": 0}, "missing_lines": [418, 420, 432, 433], "excluded_lines": []}, "QdrantAdapter.search_sources": {"executed_lines": [], "summary": {"covered_lines": 0, "num_statements": 9, "percent_covered": 0.0, "percent_covered_display": "0", "missing_lines": 9, "excluded_lines": 0}, "missing_lines": [446, 447, 457, 458, 459, 460, 461, 462, 464], "excluded_lines": []}, "QdrantAdapter.update_source": {"executed_lines": [], "summary": {"covered_lines": 0, "num_statements": 13, "percent_covered": 0.0, "percent_covered_display": "0", "missing_lines": 13, "excluded_lines": 0}, "missing_lines": [473, 476, 478, 479, 486, 487, 490, 491, 492, 495, 501, 502, 503], "excluded_lines": []}, "": {"executed_lines": [], "summary": {"covered_lines": 0, "num_statements": 24, "percent_covered": 0.0, "percent_covered_display": "0", "missing_lines": 24, "excluded_lines": 0}, "missing_lines": [6, 7, 8, 9, 10, 11, 12, 13, 14, 20, 29, 41, 49, 71, 76, 144, 198, 247, 282, 317, 366, 407, 440, 466], "excluded_lines": []}}, "classes": {"QdrantAdapter": {"executed_lines": [], "summary": {"covered_lines": 0, "num_statements": 156, "percent_covered": 0.0, "percent_covered_display": "0", "missing_lines": 156, "excluded_lines": 0}, "missing_lines": [31, 32, 33, 34, 37, 38, 39, 43, 44, 47, 51, 57, 59, 60, 61, 62, 64, 73, 74, 86, 87, 90, 91, 92, 93, 94, 95, 98, 99, 100, 101, 102, 103, 104, 105, 108, 109, 112, 115, 121, 122, 124, 129, 132, 133, 134, 140, 141, 142, 153, 155, 156, 157, 164, 165, 173, 174, 175, 178, 179, 189, 190, 191, 192, 193, 194, 196, 205, 208, 215, 216, 217, 224, 227, 228, 236, 239, 240, 241, 242, 243, 245, 249, 259, 260, 268, 271, 272, 273, 274, 275, 278, 280, 285, 294, 295, 303, 305, 307, 310, 328, 329, 330, 331, 332, 333, 334, 335, 338, 339, 342, 344, 355, 358, 359, 374, 375, 376, 377, 378, 384, 387, 388, 398, 399, 400, 401, 402, 403, 405, 418, 420, 432, 433, 446, 447, 457, 458, 459, 460, 461, 462, 464, 473, 476, 478, 479, 486, 487, 490, 491, 492, 495, 501, 502, 503], "excluded_lines": []}, "": {"executed_lines": [], "summary": {"covered_lines": 0, "num_statements": 24, "percent_covered": 0.0, "percent_covered_display": "0", "missing_lines": 24, "excluded_lines": 0}, "missing_lines": [6, 7, 8, 9, 10, 11, 12, 13, 14, 20, 29, 41, 49, 71, 76, 144, 198, 247, 282, 317, 366, 407, 440, 466], "excluded_lines": []}}}, "src/database/supabase_adapter.py": {"executed_lines": [1, 5, 6, 7, 8, 9, 12, 13, 18, 20, 21, 22, 23, 25, 27, 28, 29, 31, 32, 36, 46, 47, 50, 53, 56, 57, 60, 61, 63, 64, 69, 80, 83, 85, 93, 94, 96, 98, 104, 105, 106, 107, 110, 112, 117, 119, 120, 122, 124, 135, 136, 138, 142, 143, 144, 145, 150, 151, 154, 155, 157, 158, 160, 171, 173, 181, 184, 186, 192, 194, 198, 200, 205, 207, 210, 211, 212, 216, 223, 224, 226, 228, 235, 243, 248, 250, 251, 260, 267, 268, 284, 308, 310, 313, 314, 315, 322, 324, 325, 327, 337], "summary": {"covered_lines": 99, "num_statements": 180, "percent_covered": 55.0, "percent_covered_display": "55", "missing_lines": 81, "excluded_lines": 0}, "missing_lines": [34, 66, 67, 113, 114, 115, 139, 146, 147, 182, 193, 195, 201, 202, 203, 208, 213, 214, 236, 241, 245, 246, 253, 254, 255, 256, 257, 258, 270, 271, 275, 276, 278, 279, 280, 281, 282, 291, 292, 294, 295, 299, 300, 302, 303, 304, 305, 306, 311, 316, 317, 318, 328, 329, 331, 332, 333, 334, 335, 339, 341, 342, 343, 345, 346, 347, 348, 349, 350, 351, 354, 356, 357, 358, 359, 360, 361, 362, 363, 365, 366], "excluded_lines": [], "functions": {"SupabaseAdapter.__init__": {"executed_lines": [20, 21, 22, 23], "summary": {"covered_lines": 4, "num_statements": 4, "percent_covered": 100.0, "percent_covered_display": "100", "missing_lines": 0, "excluded_lines": 0}, "missing_lines": [], "excluded_lines": []}, "SupabaseAdapter.initialize": {"executed_lines": [27, 28, 29, 31, 32], "summary": {"covered_lines": 5, "num_statements": 6, "percent_covered": 83.33333333333333, "percent_covered_display": "83", "missing_lines": 1, "excluded_lines": 0}, "missing_lines": [34], "excluded_lines": []}, "SupabaseAdapter.add_documents": {"executed_lines": [46, 47, 50, 53, 56, 57, 60, 61, 63, 64, 69, 80, 83], "summary": {"covered_lines": 13, "num_statements": 15, "percent_covered": 86.66666666666667, "percent_covered_display": "87", "missing_lines": 2, "excluded_lines": 0}, "missing_lines": [66, 67], "excluded_lines": []}, "SupabaseAdapter.search_documents": {"executed_lines": [93, 94, 96, 98, 104, 105, 106, 107, 110, 112], "summary": {"covered_lines": 10, "num_statements": 13, "percent_covered": 76.92307692307692, "percent_covered_display": "77", "missing_lines": 3, "excluded_lines": 0}, "missing_lines": [113, 114, 115], "excluded_lines": []}, "SupabaseAdapter.delete_documents_by_url": {"executed_lines": [119, 120, 122], "summary": {"covered_lines": 3, "num_statements": 3, "percent_covered": 100.0, "percent_covered_display": "100", "missing_lines": 0, "excluded_lines": 0}, "missing_lines": [], "excluded_lines": []}, "SupabaseAdapter.add_code_examples": {"executed_lines": [135, 136, 138, 142, 143, 144, 145, 150, 151, 154, 155, 157, 158, 160, 171], "summary": {"covered_lines": 15, "num_statements": 18, "percent_covered": 83.33333333333333, "percent_covered_display": "83", "missing_lines": 3, "excluded_lines": 0}, "missing_lines": [139, 146, 147], "excluded_lines": []}, "SupabaseAdapter.search_code_examples": {"executed_lines": [181, 184, 186, 192, 194, 198, 200], "summary": {"covered_lines": 7, "num_statements": 13, "percent_covered": 53.84615384615385, "percent_covered_display": "54", "missing_lines": 6, "excluded_lines": 0}, "missing_lines": [182, 193, 195, 201, 202, 203], "excluded_lines": []}, "SupabaseAdapter.delete_code_examples_by_url": {"executed_lines": [207, 210, 211, 212], "summary": {"covered_lines": 4, "num_statements": 7, "percent_covered": 57.142857142857146, "percent_covered_display": "57", "missing_lines": 3, "excluded_lines": 0}, "missing_lines": [208, 213, 214], "excluded_lines": []}, "SupabaseAdapter.update_source_info": {"executed_lines": [223, 224, 226, 228, 235, 243], "summary": {"covered_lines": 6, "num_statements": 10, "percent_covered": 60.0, "percent_covered_display": "60", "missing_lines": 4, "excluded_lines": 0}, "missing_lines": [236, 241, 245, 246], "excluded_lines": []}, "SupabaseAdapter.get_documents_by_url": {"executed_lines": [250, 251], "summary": {"covered_lines": 2, "num_statements": 8, "percent_covered": 25.0, "percent_covered_display": "25", "missing_lines": 6, "excluded_lines": 0}, "missing_lines": [253, 254, 255, 256, 257, 258], "excluded_lines": []}, "SupabaseAdapter.search_documents_by_keyword": {"executed_lines": [267, 268], "summary": {"covered_lines": 2, "num_statements": 11, "percent_covered": 18.181818181818183, "percent_covered_display": "18", "missing_lines": 9, "excluded_lines": 0}, "missing_lines": [270, 271, 275, 276, 278, 279, 280, 281, 282], "excluded_lines": []}, "SupabaseAdapter.search_code_examples_by_keyword": {"executed_lines": [], "summary": {"covered_lines": 0, "num_statements": 11, "percent_covered": 0.0, "percent_covered_display": "0", "missing_lines": 11, "excluded_lines": 0}, "missing_lines": [291, 292, 294, 295, 299, 300, 302, 303, 304, 305, 306], "excluded_lines": []}, "SupabaseAdapter.get_sources": {"executed_lines": [310, 313, 314, 315], "summary": {"covered_lines": 4, "num_statements": 8, "percent_covered": 50.0, "percent_covered_display": "50", "missing_lines": 4, "excluded_lines": 0}, "missing_lines": [311, 316, 317, 318], "excluded_lines": []}, "SupabaseAdapter._delete_documents_batch": {"executed_lines": [324, 325, 327], "summary": {"covered_lines": 3, "num_statements": 10, "percent_covered": 30.0, "percent_covered_display": "30", "missing_lines": 7, "excluded_lines": 0}, "missing_lines": [328, 329, 331, 332, 333, 334, 335], "excluded_lines": []}, "SupabaseAdapter._insert_with_retry": {"executed_lines": [], "summary": {"covered_lines": 0, "num_statements": 22, "percent_covered": 0.0, "percent_covered_display": "0", "missing_lines": 22, "excluded_lines": 0}, "missing_lines": [339, 341, 342, 343, 345, 346, 347, 348, 349, 350, 351, 354, 356, 357, 358, 359, 360, 361, 362, 363, 365, 366], "excluded_lines": []}, "": {"executed_lines": [1, 5, 6, 7, 8, 9, 12, 13, 18, 25, 36, 85, 117, 124, 173, 205, 216, 248, 260, 284, 308, 322, 337], "summary": {"covered_lines": 21, "num_statements": 21, "percent_covered": 100.0, "percent_covered_display": "100", "missing_lines": 0, "excluded_lines": 0}, "missing_lines": [], "excluded_lines": []}}, "classes": {"SupabaseAdapter": {"executed_lines": [20, 21, 22, 23, 27, 28, 29, 31, 32, 46, 47, 50, 53, 56, 57, 60, 61, 63, 64, 69, 80, 83, 93, 94, 96, 98, 104, 105, 106, 107, 110, 112, 119, 120, 122, 135, 136, 138, 142, 143, 144, 145, 150, 151, 154, 155, 157, 158, 160, 171, 181, 184, 186, 192, 194, 198, 200, 207, 210, 211, 212, 223, 224, 226, 228, 235, 243, 250, 251, 267, 268, 310, 313, 314, 315, 324, 325, 327], "summary": {"covered_lines": 78, "num_statements": 159, "percent_covered": 49.056603773584904, "percent_covered_display": "49", "missing_lines": 81, "excluded_lines": 0}, "missing_lines": [34, 66, 67, 113, 114, 115, 139, 146, 147, 182, 193, 195, 201, 202, 203, 208, 213, 214, 236, 241, 245, 246, 253, 254, 255, 256, 257, 258, 270, 271, 275, 276, 278, 279, 280, 281, 282, 291, 292, 294, 295, 299, 300, 302, 303, 304, 305, 306, 311, 316, 317, 318, 328, 329, 331, 332, 333, 334, 335, 339, 341, 342, 343, 345, 346, 347, 348, 349, 350, 351, 354, 356, 357, 358, 359, 360, 361, 362, 363, 365, 366], "excluded_lines": []}, "": {"executed_lines": [1, 5, 6, 7, 8, 9, 12, 13, 18, 25, 36, 85, 117, 124, 173, 205, 216, 248, 260, 284, 308, 322, 337], "summary": {"covered_lines": 21, "num_statements": 21, "percent_covered": 100.0, "percent_covered_display": "100", "missing_lines": 0, "excluded_lines": 0}, "missing_lines": [], "excluded_lines": []}}}, "src/utils_refactored.py": {"executed_lines": [1, 5, 6, 7, 8, 9, 10, 11, 12, 13, 14, 17, 20, 30, 31, 33, 34, 36, 37, 38, 42, 43, 44, 45, 46, 47, 48, 50, 52, 53, 54, 56, 57, 58, 62, 63, 64, 65, 67, 69, 73, 83, 84, 85, 86, 87, 89, 92, 105, 107, 109, 119, 130, 133, 135, 137, 138, 139, 142, 155, 156, 159, 182, 183, 186, 187, 190, 191, 192, 193, 194, 197, 198, 202, 203, 204, 205, 206, 207, 208, 214, 218, 221, 222, 223, 224, 225, 226, 229, 230, 231, 232, 233, 236, 246, 267, 270, 278, 289, 292, 293, 294, 296, 297, 300, 301, 302, 303, 304, 305, 306, 307, 310, 311, 312, 313, 316, 319, 320, 322, 323, 324, 325, 327, 328, 334, 335, 336, 339, 340, 343, 344, 346, 355, 357, 360, 372, 375, 390, 391, 401, 403, 404, 405, 408, 429, 433, 434, 435, 436, 439, 440, 441, 443, 444, 447, 448, 449, 450, 451, 454, 465, 480, 482, 483, 486, 489, 492, 499, 501, 512, 515, 516, 518, 520, 521, 522, 525, 546, 549, 552], "summary": {"covered_lines": 180, "num_statements": 189, "percent_covered": 95.23809523809524, "percent_covered_display": "95", "missing_lines": 9, "excluded_lines": 0}, "missing_lines": [70, 209, 210, 211, 215, 216, 330, 331, 430], "excluded_lines": [], "functions": {"create_embeddings_batch": {"executed_lines": [30, 31, 33, 34, 36, 37, 38, 42, 43, 44, 45, 46, 47, 48, 50, 52, 53, 54, 56, 57, 58, 62, 63, 64, 65, 67, 69], "summary": {"covered_lines": 27, "num_statements": 28, "percent_covered": 96.42857142857143, "percent_covered_display": "96", "missing_lines": 1, "excluded_lines": 0}, "missing_lines": [70], "excluded_lines": []}, "create_embedding": {"executed_lines": [83, 84, 85, 86, 87, 89], "summary": {"covered_lines": 6, "num_statements": 6, "percent_covered": 100.0, "percent_covered_display": "100", "missing_lines": 0, "excluded_lines": 0}, "missing_lines": [], "excluded_lines": []}, "generate_contextual_embedding": {"executed_lines": [105, 107, 109, 119, 130, 133, 135, 137, 138, 139], "summary": {"covered_lines": 10, "num_statements": 10, "percent_covered": 100.0, "percent_covered_display": "100", "missing_lines": 0, "excluded_lines": 0}, "missing_lines": [], "excluded_lines": []}, "process_chunk_with_context": {"executed_lines": [155, 156], "summary": {"covered_lines": 2, "num_statements": 2, "percent_covered": 100.0, "percent_covered_display": "100", "missing_lines": 0, "excluded_lines": 0}, "missing_lines": [], "excluded_lines": []}, "add_documents_to_database": {"executed_lines": [182, 183, 186, 187, 190, 191, 192, 193, 194, 197, 198, 202, 203, 204, 205, 206, 207, 208, 214, 218, 221, 222, 223, 224, 225, 226, 229, 230, 231, 232, 233, 236], "summary": {"covered_lines": 32, "num_statements": 37, "percent_covered": 86.48648648648648, "percent_covered_display": "86", "missing_lines": 5, "excluded_lines": 0}, "missing_lines": [209, 210, 211, 215, 216], "excluded_lines": []}, "search_documents": {"executed_lines": [267, 270], "summary": {"covered_lines": 2, "num_statements": 2, "percent_covered": 100.0, "percent_covered_display": "100", "missing_lines": 0, "excluded_lines": 0}, "missing_lines": [], "excluded_lines": []}, "extract_code_blocks": {"executed_lines": [289, 292, 293, 294, 296, 297, 300, 301, 302, 303, 304, 305, 306, 307, 310, 311, 312, 313, 316, 319, 320, 322, 323, 324, 325, 327, 328, 334, 335, 336, 339, 340, 343, 344, 346, 355, 357], "summary": {"covered_lines": 37, "num_statements": 39, "percent_covered": 94.87179487179488, "percent_covered_display": "95", "missing_lines": 2, "excluded_lines": 0}, "missing_lines": [330, 331], "excluded_lines": []}, "generate_code_example_summary": {"executed_lines": [372, 375, 390, 391, 401, 403, 404, 405], "summary": {"covered_lines": 8, "num_statements": 8, "percent_covered": 100.0, "percent_covered_display": "100", "missing_lines": 0, "excluded_lines": 0}, "missing_lines": [], "excluded_lines": []}, "add_code_examples_to_database": {"executed_lines": [429, 433, 434, 435, 436, 439, 440, 441, 443, 444, 447, 448, 449, 450, 451, 454], "summary": {"covered_lines": 16, "num_statements": 17, "percent_covered": 94.11764705882354, "percent_covered_display": "94", "missing_lines": 1, "excluded_lines": 0}, "missing_lines": [430], "excluded_lines": []}, "extract_source_summary": {"executed_lines": [480, 482, 483, 486, 489, 492, 499, 501, 512, 515, 516, 518, 520, 521, 522], "summary": {"covered_lines": 15, "num_statements": 15, "percent_covered": 100.0, "percent_covered_display": "100", "missing_lines": 0, "excluded_lines": 0}, "missing_lines": [], "excluded_lines": []}, "search_code_examples": {"executed_lines": [546, 549, 552], "summary": {"covered_lines": 3, "num_statements": 3, "percent_covered": 100.0, "percent_covered_display": "100", "missing_lines": 0, "excluded_lines": 0}, "missing_lines": [], "excluded_lines": []}, "": {"executed_lines": [1, 5, 6, 7, 8, 9, 10, 11, 12, 13, 14, 17, 20, 73, 92, 142, 159, 246, 278, 360, 408, 465, 525], "summary": {"covered_lines": 22, "num_statements": 22, "percent_covered": 100.0, "percent_covered_display": "100", "missing_lines": 0, "excluded_lines": 0}, "missing_lines": [], "excluded_lines": []}}, "classes": {"": {"executed_lines": [1, 5, 6, 7, 8, 9, 10, 11, 12, 13, 14, 17, 20, 30, 31, 33, 34, 36, 37, 38, 42, 43, 44, 45, 46, 47, 48, 50, 52, 53, 54, 56, 57, 58, 62, 63, 64, 65, 67, 69, 73, 83, 84, 85, 86, 87, 89, 92, 105, 107, 109, 119, 130, 133, 135, 137, 138, 139, 142, 155, 156, 159, 182, 183, 186, 187, 190, 191, 192, 193, 194, 197, 198, 202, 203, 204, 205, 206, 207, 208, 214, 218, 221, 222, 223, 224, 225, 226, 229, 230, 231, 232, 233, 236, 246, 267, 270, 278, 289, 292, 293, 294, 296, 297, 300, 301, 302, 303, 304, 305, 306, 307, 310, 311, 312, 313, 316, 319, 320, 322, 323, 324, 325, 327, 328, 334, 335, 336, 339, 340, 343, 344, 346, 355, 357, 360, 372, 375, 390, 391, 401, 403, 404, 405, 408, 429, 433, 434, 435, 436, 439, 440, 441, 443, 444, 447, 448, 449, 450, 451, 454, 465, 480, 482, 483, 486, 489, 492, 499, 501, 512, 515, 516, 518, 520, 521, 522, 525, 546, 549, 552], "summary": {"covered_lines": 180, "num_statements": 189, "percent_covered": 95.23809523809524, "percent_covered_display": "95", "missing_lines": 9, "excluded_lines": 0}, "missing_lines": [70, 209, 210, 211, 215, 216, 330, 331, 430], "excluded_lines": []}}}}, "totals": {"covered_lines": 884, "num_statements": 1812, "percent_covered": 48.78587196467991, "percent_covered_display": "49", "missing_lines": 928, "excluded_lines": 24}}